[0.285s] Invoking command in '/home/veroalfa/turtlebot3_ws/build/turtlebot3_description': CMAKE_PREFIX_PATH=${CMAKE_PREFIX_PATH}:/home/veroalfa/turtlebot3_ws/install/turtlebot3_teleop:/home/veroalfa/turtlebot3_ws/install/turtlebot3_example:/opt/ros/foxy /usr/bin/cmake /home/veroalfa/turtlebot3_ws/src/turtlebot3/turtlebot3_description -DCMAKE_INSTALL_PREFIX=/home/veroalfa/turtlebot3_ws/install/turtlebot3_description
[1.820s] -- The C compiler identification is GNU 9.4.0
[1.821s] -- The CXX compiler identification is GNU 9.4.0
[1.821s] -- Check for working C compiler: /usr/bin/cc
[1.821s] -- Check for working C compiler: /usr/bin/cc -- works
[1.821s] -- Detecting C compiler ABI info
[1.822s] -- Detecting C compiler ABI info - done
[1.871s] -- Detecting C compile features
[1.872s] -- Detecting C compile features - done
[1.895s] -- Check for working CXX compiler: /usr/bin/c++
[2.374s] -- Check for working CXX compiler: /usr/bin/c++ -- works
[2.384s] -- Detecting CXX compiler ABI info
[2.981s] -- Detecting CXX compiler ABI info - done
[3.077s] -- Detecting CXX compile features
[3.083s] -- Detecting CXX compile features - done
[3.116s] -- Found ament_cmake: 0.9.11 (/opt/ros/foxy/share/ament_cmake/cmake)
[3.412s] -- Found PythonInterp: /usr/bin/python3 (found suitable version "3.8.10", minimum required is "3") 
[3.412s] -- Using PYTHON_EXECUTABLE: /usr/bin/python3
[5.149s] -- Found urdf: 2.4.0 (/opt/ros/foxy/share/urdf/cmake)
[6.073s] -- Configuring done
[6.096s] -- Generating done
[6.098s] -- Build files have been written to: /home/veroalfa/turtlebot3_ws/build/turtlebot3_description
[6.155s] Invoked command in '/home/veroalfa/turtlebot3_ws/build/turtlebot3_description' returned '0': CMAKE_PREFIX_PATH=${CMAKE_PREFIX_PATH}:/home/veroalfa/turtlebot3_ws/install/turtlebot3_teleop:/home/veroalfa/turtlebot3_ws/install/turtlebot3_example:/opt/ros/foxy /usr/bin/cmake /home/veroalfa/turtlebot3_ws/src/turtlebot3/turtlebot3_description -DCMAKE_INSTALL_PREFIX=/home/veroalfa/turtlebot3_ws/install/turtlebot3_description
[6.159s] Invoking command in '/home/veroalfa/turtlebot3_ws/build/turtlebot3_description': CMAKE_PREFIX_PATH=${CMAKE_PREFIX_PATH}:/home/veroalfa/turtlebot3_ws/install/turtlebot3_teleop:/home/veroalfa/turtlebot3_ws/install/turtlebot3_example:/opt/ros/foxy /usr/bin/cmake --build /home/veroalfa/turtlebot3_ws/build/turtlebot3_description -- -j8 -l8
[6.644s] Invoked command in '/home/veroalfa/turtlebot3_ws/build/turtlebot3_description' returned '0': CMAKE_PREFIX_PATH=${CMAKE_PREFIX_PATH}:/home/veroalfa/turtlebot3_ws/install/turtlebot3_teleop:/home/veroalfa/turtlebot3_ws/install/turtlebot3_example:/opt/ros/foxy /usr/bin/cmake --build /home/veroalfa/turtlebot3_ws/build/turtlebot3_description -- -j8 -l8
[6.861s] Invoking command in '/home/veroalfa/turtlebot3_ws/build/turtlebot3_description': CMAKE_PREFIX_PATH=${CMAKE_PREFIX_PATH}:/home/veroalfa/turtlebot3_ws/install/turtlebot3_teleop:/home/veroalfa/turtlebot3_ws/install/turtlebot3_example:/opt/ros/foxy /usr/bin/cmake --install /home/veroalfa/turtlebot3_ws/build/turtlebot3_description
[6.945s] -- Install configuration: ""
[6.945s] -- Installing: /home/veroalfa/turtlebot3_ws/install/turtlebot3_description/share/turtlebot3_description/meshes
[6.945s] -- Installing: /home/veroalfa/turtlebot3_ws/install/turtlebot3_description/share/turtlebot3_description/meshes/bases
[6.948s] -- Installing: /home/veroalfa/turtlebot3_ws/install/turtlebot3_description/share/turtlebot3_description/meshes/bases/burger_base.stl
[6.948s] -- Installing: /home/veroalfa/turtlebot3_ws/install/turtlebot3_description/share/turtlebot3_description/meshes/bases/waffle_base.stl
[7.016s] -- Installing: /home/veroalfa/turtlebot3_ws/install/turtlebot3_description/share/turtlebot3_description/meshes/bases/waffle_pi_base.stl
[7.049s] -- Installing: /home/veroalfa/turtlebot3_ws/install/turtlebot3_description/share/turtlebot3_description/meshes/wheels
[7.049s] -- Installing: /home/veroalfa/turtlebot3_ws/install/turtlebot3_description/share/turtlebot3_description/meshes/wheels/right_tire.stl
[7.049s] -- Installing: /home/veroalfa/turtlebot3_ws/install/turtlebot3_description/share/turtlebot3_description/meshes/wheels/left_tire.stl
[7.067s] -- Installing: /home/veroalfa/turtlebot3_ws/install/turtlebot3_description/share/turtlebot3_description/meshes/sensors
[7.067s] -- Installing: /home/veroalfa/turtlebot3_ws/install/turtlebot3_description/share/turtlebot3_description/meshes/sensors/lds.stl
[7.069s] -- Installing: /home/veroalfa/turtlebot3_ws/install/turtlebot3_description/share/turtlebot3_description/meshes/sensors/r200.dae
[7.075s] -- Installing: /home/veroalfa/turtlebot3_ws/install/turtlebot3_description/share/turtlebot3_description/meshes/sensors/astra.dae
[7.113s] -- Installing: /home/veroalfa/turtlebot3_ws/install/turtlebot3_description/share/turtlebot3_description/meshes/sensors/r200.jpg
[7.114s] -- Installing: /home/veroalfa/turtlebot3_ws/install/turtlebot3_description/share/turtlebot3_description/meshes/sensors/astra.jpg
[7.115s] -- Installing: /home/veroalfa/turtlebot3_ws/install/turtlebot3_description/share/turtlebot3_description/rviz
[7.116s] -- Installing: /home/veroalfa/turtlebot3_ws/install/turtlebot3_description/share/turtlebot3_description/rviz/model.rviz
[7.117s] -- Installing: /home/veroalfa/turtlebot3_ws/install/turtlebot3_description/share/turtlebot3_description/urdf
[7.118s] -- Installing: /home/veroalfa/turtlebot3_ws/install/turtlebot3_description/share/turtlebot3_description/urdf/turtlebot3_waffle_pi.urdf
[7.119s] -- Installing: /home/veroalfa/turtlebot3_ws/install/turtlebot3_description/share/turtlebot3_description/urdf/turtlebot3_burger.urdf
[7.120s] -- Installing: /home/veroalfa/turtlebot3_ws/install/turtlebot3_description/share/turtlebot3_description/urdf/turtlebot3_waffle.urdf
[7.121s] -- Installing: /home/veroalfa/turtlebot3_ws/install/turtlebot3_description/share/turtlebot3_description/urdf/common_properties.urdf
[7.122s] -- Installing: /home/veroalfa/turtlebot3_ws/install/turtlebot3_description/share/ament_index/resource_index/package_run_dependencies/turtlebot3_description
[7.128s] -- Installing: /home/veroalfa/turtlebot3_ws/install/turtlebot3_description/share/ament_index/resource_index/parent_prefix_path/turtlebot3_description
[7.148s] -- Installing: /home/veroalfa/turtlebot3_ws/install/turtlebot3_description/share/turtlebot3_description/environment/ament_prefix_path.sh
[7.148s] -- Installing: /home/veroalfa/turtlebot3_ws/install/turtlebot3_description/share/turtlebot3_description/environment/ament_prefix_path.dsv
[7.150s] -- Installing: /home/veroalfa/turtlebot3_ws/install/turtlebot3_description/share/turtlebot3_description/environment/path.sh
[7.152s] -- Installing: /home/veroalfa/turtlebot3_ws/install/turtlebot3_description/share/turtlebot3_description/environment/path.dsv
[7.153s] -- Installing: /home/veroalfa/turtlebot3_ws/install/turtlebot3_description/share/turtlebot3_description/local_setup.bash
[7.153s] -- Installing: /home/veroalfa/turtlebot3_ws/install/turtlebot3_description/share/turtlebot3_description/local_setup.sh
[7.155s] -- Installing: /home/veroalfa/turtlebot3_ws/install/turtlebot3_description/share/turtlebot3_description/local_setup.zsh
[7.156s] -- Installing: /home/veroalfa/turtlebot3_ws/install/turtlebot3_description/share/turtlebot3_description/local_setup.dsv
[7.156s] -- Installing: /home/veroalfa/turtlebot3_ws/install/turtlebot3_description/share/turtlebot3_description/package.dsv
[7.156s] -- Installing: /home/veroalfa/turtlebot3_ws/install/turtlebot3_description/share/ament_index/resource_index/packages/turtlebot3_description
[7.157s] -- Installing: /home/veroalfa/turtlebot3_ws/install/turtlebot3_description/share/turtlebot3_description/cmake/turtlebot3_descriptionConfig.cmake
[7.157s] -- Installing: /home/veroalfa/turtlebot3_ws/install/turtlebot3_description/share/turtlebot3_description/cmake/turtlebot3_descriptionConfig-version.cmake
[7.158s] -- Installing: /home/veroalfa/turtlebot3_ws/install/turtlebot3_description/share/turtlebot3_description/package.xml
[7.177s] Invoked command in '/home/veroalfa/turtlebot3_ws/build/turtlebot3_description' returned '0': CMAKE_PREFIX_PATH=${CMAKE_PREFIX_PATH}:/home/veroalfa/turtlebot3_ws/install/turtlebot3_teleop:/home/veroalfa/turtlebot3_ws/install/turtlebot3_example:/opt/ros/foxy /usr/bin/cmake --install /home/veroalfa/turtlebot3_ws/build/turtlebot3_description
