[5.577s] Invoking command in '/home/veroalfa/turtlebot3_ws/src/turtlebot3/turtlebot3_example': CMAKE_PREFIX_PATH=/home/veroalfa/turtlebot3_ws/install/turtlebot3_msgs:/home/veroalfa/turtlebot3_ws/install/turtlebot3:/home/veroalfa/turtlebot3_ws/install/turtlebot3_simulations:/home/veroalfa/turtlebot3_ws/install/turtlebot3_bringup:/home/veroalfa/turtlebot3_ws/install/turtlebot3_node:/home/veroalfa/turtlebot3_ws/install/turtlebot3_navigation2:/home/veroalfa/turtlebot3_ws/install/turtlebot3_fake_node:/home/veroalfa/turtlebot3_ws/install/turtlebot3_gazebo:/home/veroalfa/turtlebot3_ws/install/turtlebot3_description:/home/veroalfa/turtlebot3_ws/install/turtlebot3_cartographer:/home/veroalfa/turtlebot3_ws/install/dynamixel_sdk_examples:/home/veroalfa/turtlebot3_ws/install/dynamixel_sdk_custom_interfaces:/home/veroalfa/turtlebot3_ws/install/dynamixel_sdk:/home/veroalfa/model_ws/install/xicro_pkg:/home/veroalfa/model_ws/install/xicro_interfaces:/home/veroalfa/model_ws/install/calibration_interfaces:/home/veroalfa/model_ws/install/calibration_gen:/home/veroalfa/model_ws/install/calibration:/home/veroalfa/lab4_ws/install/fra333_lab4_17_1_interfaces:/home/veroalfa/lab4_ws/install/fra333_lab4_17_1:/home/veroalfa/lab3ex_ws/install/xicro_pkg:/home/veroalfa/lab3ex_ws/install/xicro_interfaces:/home/veroalfa/lab3ex_ws/install/fra333_lab3_17_1:/home/veroalfa/lab2ex_ws/install/fra333_lab1:/home/veroalfa/lab1_ws/install/lab1_interfaces:/home/veroalfa/lab1_ws/install/fra333_lab1_17:/home/veroalfa/lab2_ws/install/dummy_kinematics_interfaces:/home/veroalfa/lab2_ws/install/dummy_kinematics:/home/veroalfa/lab2_ws/install/dummy_description PYTHONPATH=/home/veroalfa/turtlebot3_ws/build/turtlebot3_example/prefix_override:/home/veroalfa/turtlebot3_ws/install/turtlebot3_example/lib/python3.8/site-packages:/home/veroalfa/turtlebot3_ws/install/turtlebot3_msgs/lib/python3.8/site-packages:/home/veroalfa/turtlebot3_ws/install/turtlebot3_teleop/lib/python3.8/site-packages:/home/veroalfa/turtlebot3_ws/install/turtlebot3_example/lib/python3.8/site-packages:/home/veroalfa/turtlebot3_ws/install/dynamixel_sdk_custom_interfaces/lib/python3.8/site-packages:/home/veroalfa/model_ws/install/xicro_pkg/lib/python3.8/site-packages:/home/veroalfa/model_ws/install/xicro_interfaces/lib/python3.8/site-packages:/home/veroalfa/model_ws/install/calibration_interfaces/lib/python3.8/site-packages:/home/veroalfa/model_ws/install/calibration_gen/lib/python3.8/site-packages:/home/veroalfa/model_ws/install/calibration/lib/python3.8/site-packages:/home/veroalfa/lab4_ws/install/fra333_lab4_17_1_interfaces/lib/python3.8/site-packages:/home/veroalfa/lab4_ws/install/fra333_lab4_17_1/lib/python3.8/site-packages:/home/veroalfa/lab3ex_ws/install/xicro_pkg/lib/python3.8/site-packages:/home/veroalfa/lab3ex_ws/install/xicro_interfaces/lib/python3.8/site-packages:/home/veroalfa/lab3ex_ws/install/fra333_lab3_17_1/lib/python3.8/site-packages:/home/veroalfa/lab2ex_ws/install/fra333_lab1/lib/python3.8/site-packages:/home/veroalfa/lab1_ws/install/lab1_interfaces/lib/python3.8/site-packages:/home/veroalfa/lab1_ws/install/fra333_lab1_17/lib/python3.8/site-packages:/home/veroalfa/lab2_ws/install/dummy_kinematics_interfaces/lib/python3.8/site-packages:/home/veroalfa/lab2_ws/install/dummy_kinematics/lib/python3.8/site-packages:/home/veroalfa/lab2_ws/install/dummy_description/lib/python3.8/site-packages:/opt/ros/foxy/lib/python3.8/site-packages /usr/bin/python3 setup.py egg_info --egg-base ../../../build/turtlebot3_example build --build-base /home/veroalfa/turtlebot3_ws/build/turtlebot3_example/build install --record /home/veroalfa/turtlebot3_ws/build/turtlebot3_example/install.log --single-version-externally-managed
[7.125s] running egg_info
[7.130s] creating ../../../build/turtlebot3_example/turtlebot3_example.egg-info
[7.130s] writing ../../../build/turtlebot3_example/turtlebot3_example.egg-info/PKG-INFO
[7.131s] writing dependency_links to ../../../build/turtlebot3_example/turtlebot3_example.egg-info/dependency_links.txt
[7.131s] writing entry points to ../../../build/turtlebot3_example/turtlebot3_example.egg-info/entry_points.txt
[7.131s] writing requirements to ../../../build/turtlebot3_example/turtlebot3_example.egg-info/requires.txt
[7.132s] writing top-level names to ../../../build/turtlebot3_example/turtlebot3_example.egg-info/top_level.txt
[7.143s] writing manifest file '../../../build/turtlebot3_example/turtlebot3_example.egg-info/SOURCES.txt'
[7.345s] reading manifest file '../../../build/turtlebot3_example/turtlebot3_example.egg-info/SOURCES.txt'
[7.352s] writing manifest file '../../../build/turtlebot3_example/turtlebot3_example.egg-info/SOURCES.txt'
[7.352s] running build
[7.353s] running build_py
[7.353s] creating /home/veroalfa/turtlebot3_ws/build/turtlebot3_example/build
[7.354s] creating /home/veroalfa/turtlebot3_ws/build/turtlebot3_example/build/lib
[7.355s] creating /home/veroalfa/turtlebot3_ws/build/turtlebot3_example/build/lib/turtlebot3_example
[7.356s] copying turtlebot3_example/__init__.py -> /home/veroalfa/turtlebot3_ws/build/turtlebot3_example/build/lib/turtlebot3_example
[7.356s] creating /home/veroalfa/turtlebot3_ws/build/turtlebot3_example/build/lib/turtlebot3_example/turtlebot3_position_control
[7.356s] copying turtlebot3_example/turtlebot3_position_control/turtlebot3_position_control.py -> /home/veroalfa/turtlebot3_ws/build/turtlebot3_example/build/lib/turtlebot3_example/turtlebot3_position_control
[7.357s] copying turtlebot3_example/turtlebot3_position_control/turtlebot3_path.py -> /home/veroalfa/turtlebot3_ws/build/turtlebot3_example/build/lib/turtlebot3_example/turtlebot3_position_control
[7.359s] copying turtlebot3_example/turtlebot3_position_control/main.py -> /home/veroalfa/turtlebot3_ws/build/turtlebot3_example/build/lib/turtlebot3_example/turtlebot3_position_control
[7.360s] copying turtlebot3_example/turtlebot3_position_control/__init__.py -> /home/veroalfa/turtlebot3_ws/build/turtlebot3_example/build/lib/turtlebot3_example/turtlebot3_position_control
[7.360s] creating /home/veroalfa/turtlebot3_ws/build/turtlebot3_example/build/lib/turtlebot3_example/turtlebot3_obstacle_detection
[7.361s] copying turtlebot3_example/turtlebot3_obstacle_detection/main.py -> /home/veroalfa/turtlebot3_ws/build/turtlebot3_example/build/lib/turtlebot3_example/turtlebot3_obstacle_detection
[7.361s] copying turtlebot3_example/turtlebot3_obstacle_detection/turtlebot3_obstacle_detection.py -> /home/veroalfa/turtlebot3_ws/build/turtlebot3_example/build/lib/turtlebot3_example/turtlebot3_obstacle_detection
[7.362s] copying turtlebot3_example/turtlebot3_obstacle_detection/__init__.py -> /home/veroalfa/turtlebot3_ws/build/turtlebot3_example/build/lib/turtlebot3_example/turtlebot3_obstacle_detection
[7.362s] creating /home/veroalfa/turtlebot3_ws/build/turtlebot3_example/build/lib/turtlebot3_example/turtlebot3_patrol_client
[7.362s] copying turtlebot3_example/turtlebot3_patrol_client/main.py -> /home/veroalfa/turtlebot3_ws/build/turtlebot3_example/build/lib/turtlebot3_example/turtlebot3_patrol_client
[7.366s] copying turtlebot3_example/turtlebot3_patrol_client/__init__.py -> /home/veroalfa/turtlebot3_ws/build/turtlebot3_example/build/lib/turtlebot3_example/turtlebot3_patrol_client
[7.367s] copying turtlebot3_example/turtlebot3_patrol_client/turtlebot3_patrol_client.py -> /home/veroalfa/turtlebot3_ws/build/turtlebot3_example/build/lib/turtlebot3_example/turtlebot3_patrol_client
[7.368s] creating /home/veroalfa/turtlebot3_ws/build/turtlebot3_example/build/lib/turtlebot3_example/turtlebot3_patrol_server
[7.368s] copying turtlebot3_example/turtlebot3_patrol_server/turtlebot3_path.py -> /home/veroalfa/turtlebot3_ws/build/turtlebot3_example/build/lib/turtlebot3_example/turtlebot3_patrol_server
[7.368s] copying turtlebot3_example/turtlebot3_patrol_server/main.py -> /home/veroalfa/turtlebot3_ws/build/turtlebot3_example/build/lib/turtlebot3_example/turtlebot3_patrol_server
[7.369s] copying turtlebot3_example/turtlebot3_patrol_server/__init__.py -> /home/veroalfa/turtlebot3_ws/build/turtlebot3_example/build/lib/turtlebot3_example/turtlebot3_patrol_server
[7.369s] copying turtlebot3_example/turtlebot3_patrol_server/turtlebot3_patrol_server.py -> /home/veroalfa/turtlebot3_ws/build/turtlebot3_example/build/lib/turtlebot3_example/turtlebot3_patrol_server
[7.370s] running install
[7.370s] running install_lib
[7.375s] creating /home/veroalfa/turtlebot3_ws/install/turtlebot3_example/lib/python3.8/site-packages/turtlebot3_example
[7.376s] creating /home/veroalfa/turtlebot3_ws/install/turtlebot3_example/lib/python3.8/site-packages/turtlebot3_example/turtlebot3_position_control
[7.377s] copying /home/veroalfa/turtlebot3_ws/build/turtlebot3_example/build/lib/turtlebot3_example/turtlebot3_position_control/turtlebot3_position_control.py -> /home/veroalfa/turtlebot3_ws/install/turtlebot3_example/lib/python3.8/site-packages/turtlebot3_example/turtlebot3_position_control
[7.382s] copying /home/veroalfa/turtlebot3_ws/build/turtlebot3_example/build/lib/turtlebot3_example/turtlebot3_position_control/turtlebot3_path.py -> /home/veroalfa/turtlebot3_ws/install/turtlebot3_example/lib/python3.8/site-packages/turtlebot3_example/turtlebot3_position_control
[7.383s] copying /home/veroalfa/turtlebot3_ws/build/turtlebot3_example/build/lib/turtlebot3_example/turtlebot3_position_control/main.py -> /home/veroalfa/turtlebot3_ws/install/turtlebot3_example/lib/python3.8/site-packages/turtlebot3_example/turtlebot3_position_control
[7.384s] copying /home/veroalfa/turtlebot3_ws/build/turtlebot3_example/build/lib/turtlebot3_example/turtlebot3_position_control/__init__.py -> /home/veroalfa/turtlebot3_ws/install/turtlebot3_example/lib/python3.8/site-packages/turtlebot3_example/turtlebot3_position_control
[7.385s] creating /home/veroalfa/turtlebot3_ws/install/turtlebot3_example/lib/python3.8/site-packages/turtlebot3_example/turtlebot3_obstacle_detection
[7.387s] copying /home/veroalfa/turtlebot3_ws/build/turtlebot3_example/build/lib/turtlebot3_example/turtlebot3_obstacle_detection/main.py -> /home/veroalfa/turtlebot3_ws/install/turtlebot3_example/lib/python3.8/site-packages/turtlebot3_example/turtlebot3_obstacle_detection
[7.387s] copying /home/veroalfa/turtlebot3_ws/build/turtlebot3_example/build/lib/turtlebot3_example/turtlebot3_obstacle_detection/turtlebot3_obstacle_detection.py -> /home/veroalfa/turtlebot3_ws/install/turtlebot3_example/lib/python3.8/site-packages/turtlebot3_example/turtlebot3_obstacle_detection
[7.388s] copying /home/veroalfa/turtlebot3_ws/build/turtlebot3_example/build/lib/turtlebot3_example/turtlebot3_obstacle_detection/__init__.py -> /home/veroalfa/turtlebot3_ws/install/turtlebot3_example/lib/python3.8/site-packages/turtlebot3_example/turtlebot3_obstacle_detection
[7.388s] creating /home/veroalfa/turtlebot3_ws/install/turtlebot3_example/lib/python3.8/site-packages/turtlebot3_example/turtlebot3_patrol_client
[7.388s] copying /home/veroalfa/turtlebot3_ws/build/turtlebot3_example/build/lib/turtlebot3_example/turtlebot3_patrol_client/main.py -> /home/veroalfa/turtlebot3_ws/install/turtlebot3_example/lib/python3.8/site-packages/turtlebot3_example/turtlebot3_patrol_client
[7.389s] copying /home/veroalfa/turtlebot3_ws/build/turtlebot3_example/build/lib/turtlebot3_example/turtlebot3_patrol_client/__init__.py -> /home/veroalfa/turtlebot3_ws/install/turtlebot3_example/lib/python3.8/site-packages/turtlebot3_example/turtlebot3_patrol_client
[7.389s] copying /home/veroalfa/turtlebot3_ws/build/turtlebot3_example/build/lib/turtlebot3_example/turtlebot3_patrol_client/turtlebot3_patrol_client.py -> /home/veroalfa/turtlebot3_ws/install/turtlebot3_example/lib/python3.8/site-packages/turtlebot3_example/turtlebot3_patrol_client
[7.389s] copying /home/veroalfa/turtlebot3_ws/build/turtlebot3_example/build/lib/turtlebot3_example/__init__.py -> /home/veroalfa/turtlebot3_ws/install/turtlebot3_example/lib/python3.8/site-packages/turtlebot3_example
[7.390s] creating /home/veroalfa/turtlebot3_ws/install/turtlebot3_example/lib/python3.8/site-packages/turtlebot3_example/turtlebot3_patrol_server
[7.391s] copying /home/veroalfa/turtlebot3_ws/build/turtlebot3_example/build/lib/turtlebot3_example/turtlebot3_patrol_server/turtlebot3_path.py -> /home/veroalfa/turtlebot3_ws/install/turtlebot3_example/lib/python3.8/site-packages/turtlebot3_example/turtlebot3_patrol_server
[7.391s] copying /home/veroalfa/turtlebot3_ws/build/turtlebot3_example/build/lib/turtlebot3_example/turtlebot3_patrol_server/main.py -> /home/veroalfa/turtlebot3_ws/install/turtlebot3_example/lib/python3.8/site-packages/turtlebot3_example/turtlebot3_patrol_server
[7.392s] copying /home/veroalfa/turtlebot3_ws/build/turtlebot3_example/build/lib/turtlebot3_example/turtlebot3_patrol_server/__init__.py -> /home/veroalfa/turtlebot3_ws/install/turtlebot3_example/lib/python3.8/site-packages/turtlebot3_example/turtlebot3_patrol_server
[7.392s] copying /home/veroalfa/turtlebot3_ws/build/turtlebot3_example/build/lib/turtlebot3_example/turtlebot3_patrol_server/turtlebot3_patrol_server.py -> /home/veroalfa/turtlebot3_ws/install/turtlebot3_example/lib/python3.8/site-packages/turtlebot3_example/turtlebot3_patrol_server
[7.393s] byte-compiling /home/veroalfa/turtlebot3_ws/install/turtlebot3_example/lib/python3.8/site-packages/turtlebot3_example/turtlebot3_position_control/turtlebot3_position_control.py to turtlebot3_position_control.cpython-38.pyc
[7.403s] byte-compiling /home/veroalfa/turtlebot3_ws/install/turtlebot3_example/lib/python3.8/site-packages/turtlebot3_example/turtlebot3_position_control/turtlebot3_path.py to turtlebot3_path.cpython-38.pyc
[7.405s] byte-compiling /home/veroalfa/turtlebot3_ws/install/turtlebot3_example/lib/python3.8/site-packages/turtlebot3_example/turtlebot3_position_control/main.py to main.cpython-38.pyc
[7.407s] byte-compiling /home/veroalfa/turtlebot3_ws/install/turtlebot3_example/lib/python3.8/site-packages/turtlebot3_example/turtlebot3_position_control/__init__.py to __init__.cpython-38.pyc
[7.408s] byte-compiling /home/veroalfa/turtlebot3_ws/install/turtlebot3_example/lib/python3.8/site-packages/turtlebot3_example/turtlebot3_obstacle_detection/main.py to main.cpython-38.pyc
[7.411s] byte-compiling /home/veroalfa/turtlebot3_ws/install/turtlebot3_example/lib/python3.8/site-packages/turtlebot3_example/turtlebot3_obstacle_detection/turtlebot3_obstacle_detection.py to turtlebot3_obstacle_detection.cpython-38.pyc
[7.416s] byte-compiling /home/veroalfa/turtlebot3_ws/install/turtlebot3_example/lib/python3.8/site-packages/turtlebot3_example/turtlebot3_obstacle_detection/__init__.py to __init__.cpython-38.pyc
[7.419s] byte-compiling /home/veroalfa/turtlebot3_ws/install/turtlebot3_example/lib/python3.8/site-packages/turtlebot3_example/turtlebot3_patrol_client/main.py to main.cpython-38.pyc
[7.420s] byte-compiling /home/veroalfa/turtlebot3_ws/install/turtlebot3_example/lib/python3.8/site-packages/turtlebot3_example/turtlebot3_patrol_client/__init__.py to __init__.cpython-38.pyc
[7.420s] byte-compiling /home/veroalfa/turtlebot3_ws/install/turtlebot3_example/lib/python3.8/site-packages/turtlebot3_example/turtlebot3_patrol_client/turtlebot3_patrol_client.py to turtlebot3_patrol_client.cpython-38.pyc
[7.422s] byte-compiling /home/veroalfa/turtlebot3_ws/install/turtlebot3_example/lib/python3.8/site-packages/turtlebot3_example/__init__.py to __init__.cpython-38.pyc
[7.423s] byte-compiling /home/veroalfa/turtlebot3_ws/install/turtlebot3_example/lib/python3.8/site-packages/turtlebot3_example/turtlebot3_patrol_server/turtlebot3_path.py to turtlebot3_path.cpython-38.pyc
[7.425s] byte-compiling /home/veroalfa/turtlebot3_ws/install/turtlebot3_example/lib/python3.8/site-packages/turtlebot3_example/turtlebot3_patrol_server/main.py to main.cpython-38.pyc
[7.434s] byte-compiling /home/veroalfa/turtlebot3_ws/install/turtlebot3_example/lib/python3.8/site-packages/turtlebot3_example/turtlebot3_patrol_server/__init__.py to __init__.cpython-38.pyc
[7.439s] byte-compiling /home/veroalfa/turtlebot3_ws/install/turtlebot3_example/lib/python3.8/site-packages/turtlebot3_example/turtlebot3_patrol_server/turtlebot3_patrol_server.py to turtlebot3_patrol_server.cpython-38.pyc
[7.439s] running install_data
[7.439s] creating /home/veroalfa/turtlebot3_ws/install/turtlebot3_example/share/ament_index
[7.440s] creating /home/veroalfa/turtlebot3_ws/install/turtlebot3_example/share/ament_index/resource_index
[7.440s] creating /home/veroalfa/turtlebot3_ws/install/turtlebot3_example/share/ament_index/resource_index/packages
[7.440s] copying resource/turtlebot3_example -> /home/veroalfa/turtlebot3_ws/install/turtlebot3_example/share/ament_index/resource_index/packages
[7.440s] copying package.xml -> /home/veroalfa/turtlebot3_ws/install/turtlebot3_example/share/turtlebot3_example
[7.441s] running install_egg_info
[7.447s] Copying ../../../build/turtlebot3_example/turtlebot3_example.egg-info to /home/veroalfa/turtlebot3_ws/install/turtlebot3_example/lib/python3.8/site-packages/turtlebot3_example-2.1.4-py3.8.egg-info
[7.454s] running install_scripts
[7.554s] Installing turtlebot3_obstacle_detection script to /home/veroalfa/turtlebot3_ws/install/turtlebot3_example/lib/turtlebot3_example
[7.554s] Installing turtlebot3_patrol_client script to /home/veroalfa/turtlebot3_ws/install/turtlebot3_example/lib/turtlebot3_example
[7.554s] Installing turtlebot3_patrol_server script to /home/veroalfa/turtlebot3_ws/install/turtlebot3_example/lib/turtlebot3_example
[7.555s] Installing turtlebot3_position_control script to /home/veroalfa/turtlebot3_ws/install/turtlebot3_example/lib/turtlebot3_example
[7.558s] writing list of installed files to '/home/veroalfa/turtlebot3_ws/build/turtlebot3_example/install.log'
[7.692s] Invoked command in '/home/veroalfa/turtlebot3_ws/src/turtlebot3/turtlebot3_example' returned '0': CMAKE_PREFIX_PATH=/home/veroalfa/turtlebot3_ws/install/turtlebot3_msgs:/home/veroalfa/turtlebot3_ws/install/turtlebot3:/home/veroalfa/turtlebot3_ws/install/turtlebot3_simulations:/home/veroalfa/turtlebot3_ws/install/turtlebot3_bringup:/home/veroalfa/turtlebot3_ws/install/turtlebot3_node:/home/veroalfa/turtlebot3_ws/install/turtlebot3_navigation2:/home/veroalfa/turtlebot3_ws/install/turtlebot3_fake_node:/home/veroalfa/turtlebot3_ws/install/turtlebot3_gazebo:/home/veroalfa/turtlebot3_ws/install/turtlebot3_description:/home/veroalfa/turtlebot3_ws/install/turtlebot3_cartographer:/home/veroalfa/turtlebot3_ws/install/dynamixel_sdk_examples:/home/veroalfa/turtlebot3_ws/install/dynamixel_sdk_custom_interfaces:/home/veroalfa/turtlebot3_ws/install/dynamixel_sdk:/home/veroalfa/model_ws/install/xicro_pkg:/home/veroalfa/model_ws/install/xicro_interfaces:/home/veroalfa/model_ws/install/calibration_interfaces:/home/veroalfa/model_ws/install/calibration_gen:/home/veroalfa/model_ws/install/calibration:/home/veroalfa/lab4_ws/install/fra333_lab4_17_1_interfaces:/home/veroalfa/lab4_ws/install/fra333_lab4_17_1:/home/veroalfa/lab3ex_ws/install/xicro_pkg:/home/veroalfa/lab3ex_ws/install/xicro_interfaces:/home/veroalfa/lab3ex_ws/install/fra333_lab3_17_1:/home/veroalfa/lab2ex_ws/install/fra333_lab1:/home/veroalfa/lab1_ws/install/lab1_interfaces:/home/veroalfa/lab1_ws/install/fra333_lab1_17:/home/veroalfa/lab2_ws/install/dummy_kinematics_interfaces:/home/veroalfa/lab2_ws/install/dummy_kinematics:/home/veroalfa/lab2_ws/install/dummy_description PYTHONPATH=/home/veroalfa/turtlebot3_ws/build/turtlebot3_example/prefix_override:/home/veroalfa/turtlebot3_ws/install/turtlebot3_example/lib/python3.8/site-packages:/home/veroalfa/turtlebot3_ws/install/turtlebot3_msgs/lib/python3.8/site-packages:/home/veroalfa/turtlebot3_ws/install/turtlebot3_teleop/lib/python3.8/site-packages:/home/veroalfa/turtlebot3_ws/install/turtlebot3_example/lib/python3.8/site-packages:/home/veroalfa/turtlebot3_ws/install/dynamixel_sdk_custom_interfaces/lib/python3.8/site-packages:/home/veroalfa/model_ws/install/xicro_pkg/lib/python3.8/site-packages:/home/veroalfa/model_ws/install/xicro_interfaces/lib/python3.8/site-packages:/home/veroalfa/model_ws/install/calibration_interfaces/lib/python3.8/site-packages:/home/veroalfa/model_ws/install/calibration_gen/lib/python3.8/site-packages:/home/veroalfa/model_ws/install/calibration/lib/python3.8/site-packages:/home/veroalfa/lab4_ws/install/fra333_lab4_17_1_interfaces/lib/python3.8/site-packages:/home/veroalfa/lab4_ws/install/fra333_lab4_17_1/lib/python3.8/site-packages:/home/veroalfa/lab3ex_ws/install/xicro_pkg/lib/python3.8/site-packages:/home/veroalfa/lab3ex_ws/install/xicro_interfaces/lib/python3.8/site-packages:/home/veroalfa/lab3ex_ws/install/fra333_lab3_17_1/lib/python3.8/site-packages:/home/veroalfa/lab2ex_ws/install/fra333_lab1/lib/python3.8/site-packages:/home/veroalfa/lab1_ws/install/lab1_interfaces/lib/python3.8/site-packages:/home/veroalfa/lab1_ws/install/fra333_lab1_17/lib/python3.8/site-packages:/home/veroalfa/lab2_ws/install/dummy_kinematics_interfaces/lib/python3.8/site-packages:/home/veroalfa/lab2_ws/install/dummy_kinematics/lib/python3.8/site-packages:/home/veroalfa/lab2_ws/install/dummy_description/lib/python3.8/site-packages:/opt/ros/foxy/lib/python3.8/site-packages /usr/bin/python3 setup.py egg_info --egg-base ../../../build/turtlebot3_example build --build-base /home/veroalfa/turtlebot3_ws/build/turtlebot3_example/build install --record /home/veroalfa/turtlebot3_ws/build/turtlebot3_example/install.log --single-version-externally-managed
