[0.198s] Invoking command in '/home/veroalfa/turtlebot3_ws/build/turtlebot3_gazebo': CMAKE_PREFIX_PATH=/home/veroalfa/turtlebot3_ws/install/turtlebot3_description:/home/veroalfa/turtlebot3_ws/install/turtlebot3:/home/veroalfa/turtlebot3_ws/install/turtlebot3_simulations:/home/veroalfa/turtlebot3_ws/install/turtlebot3_bringup:/home/veroalfa/turtlebot3_ws/install/turtlebot3_node:/home/veroalfa/turtlebot3_ws/install/turtlebot3_navigation2:/home/veroalfa/turtlebot3_ws/install/turtlebot3_fake_node:/home/veroalfa/turtlebot3_ws/install/turtlebot3_msgs:/home/veroalfa/turtlebot3_ws/install/turtlebot3_gazebo:/home/veroalfa/turtlebot3_ws/install/turtlebot3_cartographer:/home/veroalfa/turtlebot3_ws/install/dynamixel_sdk_examples:/home/veroalfa/turtlebot3_ws/install/dynamixel_sdk_custom_interfaces:/home/veroalfa/turtlebot3_ws/install/dynamixel_sdk:/home/veroalfa/model_ws/install/xicro_pkg:/home/veroalfa/model_ws/install/xicro_interfaces:/home/veroalfa/model_ws/install/calibration_interfaces:/home/veroalfa/model_ws/install/calibration_gen:/home/veroalfa/model_ws/install/calibration:/home/veroalfa/lab4_ws/install/fra333_lab4_17_1_interfaces:/home/veroalfa/lab4_ws/install/fra333_lab4_17_1:/home/veroalfa/lab3ex_ws/install/xicro_pkg:/home/veroalfa/lab3ex_ws/install/xicro_interfaces:/home/veroalfa/lab3ex_ws/install/fra333_lab3_17_1:/home/veroalfa/lab2ex_ws/install/fra333_lab1:/home/veroalfa/lab1_ws/install/lab1_interfaces:/home/veroalfa/lab1_ws/install/fra333_lab1_17:/home/veroalfa/lab2_ws/install/dummy_kinematics_interfaces:/home/veroalfa/lab2_ws/install/dummy_kinematics:/home/veroalfa/lab2_ws/install/dummy_description:/home/veroalfa/turtlebot3_ws/install/turtlebot3_teleop:/home/veroalfa/turtlebot3_ws/install/turtlebot3_example:/opt/ros/foxy /usr/bin/cmake /home/veroalfa/turtlebot3_ws/src/turtlebot3_simulations/turtlebot3_gazebo -DCMAKE_INSTALL_PREFIX=/home/veroalfa/turtlebot3_ws/install/turtlebot3_gazebo
[0.531s] -- The C compiler identification is GNU 9.4.0
[0.854s] -- The CXX compiler identification is GNU 9.4.0
[0.894s] -- Check for working C compiler: /usr/bin/cc
[1.232s] -- Check for working C compiler: /usr/bin/cc -- works
[1.237s] -- Detecting C compiler ABI info
[1.512s] -- Detecting C compiler ABI info - done
[1.581s] -- Detecting C compile features
[1.581s] -- Detecting C compile features - done
[1.588s] -- Check for working CXX compiler: /usr/bin/c++
[1.932s] -- Check for working CXX compiler: /usr/bin/c++ -- works
[1.941s] -- Detecting CXX compiler ABI info
[2.474s] -- Detecting CXX compiler ABI info - done
[2.610s] -- Detecting CXX compile features
[2.617s] -- Detecting CXX compile features - done
[2.637s] -- Found ament_cmake: 0.9.11 (/opt/ros/foxy/share/ament_cmake/cmake)
[2.881s] -- Found PythonInterp: /usr/bin/python3 (found suitable version "3.8.10", minimum required is "3") 
[2.885s] -- Using PYTHON_EXECUTABLE: /usr/bin/python3
[4.072s] -- Found PkgConfig: /usr/bin/pkg-config (found version "0.29.1") 
[4.101s] -- Checking for module 'bullet>=2.82'
[4.190s] --   Found bullet, version 2.88
[5.013s] -- Found ccd: /usr/include (found suitable version "2.0", minimum required is "2.0") 
[5.490s] -- Found fcl: /usr/include (found suitable version "0.5.0", minimum required is "0.3.2") 
[5.833s] -- Found assimp: /usr/include (found version "5.0.0") 
[6.015s] -- Found DART: /usr/include (Required is at least version "6.6") found components: dart 
[7.454s] -- Found Boost: /usr/lib/x86_64-linux-gnu/cmake/Boost-1.71.0/BoostConfig.cmake (found suitable version "1.71.0", minimum required is "1.40.0") found components: thread system filesystem program_options regex iostreams date_time 
[7.592s] -- Found Protobuf: /usr/lib/x86_64-linux-gnu/libprotobuf.so;-lpthread (found version "3.6.1") 
[7.610s] -- Looking for ignition-math6 -- found version 6.13.0
[7.648s] -- Searching for dependencies of ignition-math6
[7.659s] -- Looking for OGRE...
[7.663s] -- OGRE_PREFIX_WATCH changed.
[7.692s] -- Checking for module 'OGRE'
[7.760s] --   Found OGRE, version 1.9.0
[7.919s] -- Found Ogre Ghadamon (1.9.0)
[7.970s] -- Found OGRE: optimized;/usr/lib/x86_64-linux-gnu/libOgreMain.so;debug;/usr/lib/x86_64-linux-gnu/libOgreMain.so
[8.014s] -- Looking for OGRE_Paging...
[8.061s] -- Found OGRE_Paging: optimized;/usr/lib/x86_64-linux-gnu/libOgrePaging.so;debug;/usr/lib/x86_64-linux-gnu/libOgrePaging.so
[8.062s] -- Looking for OGRE_Terrain...
[8.154s] -- Found OGRE_Terrain: optimized;/usr/lib/x86_64-linux-gnu/libOgreTerrain.so;debug;/usr/lib/x86_64-linux-gnu/libOgreTerrain.so
[8.154s] -- Looking for OGRE_Property...
[8.195s] -- Found OGRE_Property: optimized;/usr/lib/x86_64-linux-gnu/libOgreProperty.so;debug;/usr/lib/x86_64-linux-gnu/libOgreProperty.so
[8.196s] -- Looking for OGRE_RTShaderSystem...
[8.244s] -- Found OGRE_RTShaderSystem: optimized;/usr/lib/x86_64-linux-gnu/libOgreRTShaderSystem.so;debug;/usr/lib/x86_64-linux-gnu/libOgreRTShaderSystem.so
[8.245s] -- Looking for OGRE_Volume...
[8.282s] -- Found OGRE_Volume: optimized;/usr/lib/x86_64-linux-gnu/libOgreVolume.so;debug;/usr/lib/x86_64-linux-gnu/libOgreVolume.so
[8.283s] -- Looking for OGRE_Overlay...
[8.319s] -- Found OGRE_Overlay: optimized;/usr/lib/x86_64-linux-gnu/libOgreOverlay.so;debug;/usr/lib/x86_64-linux-gnu/libOgreOverlay.so
[9.303s] -- Looking for ignition-math6 -- found version 6.13.0
[9.329s] -- Looking for ignition-transport8 -- found version 8.3.0
[9.331s] -- Searching for dependencies of ignition-transport8
[9.426s] -- Found Protobuf: /usr/lib/x86_64-linux-gnu/libprotobuf.so;-lpthread (found suitable version "3.6.1", minimum required is "3") 
[9.474s] -- Config-file not installed for ZeroMQ -- checking for pkg-config
[9.490s] -- Checking for module 'libzmq >= 4'
[9.597s] --   Found libzmq , version 4.3.2
[9.765s] -- Found ZeroMQ: TRUE (Required is at least version "4") 
[9.791s] -- Checking for module 'uuid'
[9.886s] --   Found uuid, version 2.34.0
[10.060s] -- Found UUID: TRUE  
[10.076s] -- Looking for ignition-msgs5 -- found version 5.10.0
[10.078s] -- Searching for dependencies of ignition-msgs5
[10.166s] -- Looking for ignition-math6 -- found version 6.13.0
[10.189s] -- Checking for module 'tinyxml2'
[10.287s] --   Found tinyxml2, version 6.2.0
[10.538s] -- Looking for ignition-msgs5 -- found version 5.10.0
[10.562s] -- Looking for ignition-common3 -- found version 3.14.2
[10.565s] -- Searching for dependencies of ignition-common3
[10.567s] -- Looking for dlfcn.h - found
[10.574s] -- Looking for libdl - found
[10.584s] -- Found DL: TRUE  
[10.649s] -- Searching for <ignition-common3> component [graphics]
[10.665s] -- Looking for ignition-common3-graphics -- found version 3.14.2
[10.668s] -- Searching for dependencies of ignition-common3-graphics
[10.675s] -- Looking for ignition-math6 -- found version 6.13.0
[10.733s] -- Looking for ignition-fuel_tools4 -- found version 4.6.0
[10.736s] -- Searching for dependencies of ignition-fuel_tools4
[11.182s] -- Found CURL: /usr/lib/x86_64-linux-gnu/libcurl.so (found version "7.68.0")  
[11.216s] -- Checking for module 'jsoncpp'
[11.348s] --   Found jsoncpp, version 1.7.4
[11.534s] -- Found JSONCPP: TRUE  
[11.574s] -- Checking for module 'libzip'
[11.676s] --   Found libzip, version 1.5.1
[11.950s] -- Found ZIP: TRUE  
[11.951s] -- Looking for ignition-common3 -- found version 3.14.2
[11.951s] -- Looking for ignition-math6 -- found version 6.13.0
[11.951s] -- Looking for ignition-msgs5 -- found version 5.10.0
[11.951s] -- Found gazebo_ros_pkgs: 3.5.3 (/opt/ros/foxy/share/gazebo_ros_pkgs/cmake)
[11.957s] -- Found geometry_msgs: 2.0.5 (/opt/ros/foxy/share/geometry_msgs/cmake)
[12.111s] -- Using all available rosidl_typesupport_c: rosidl_typesupport_fastrtps_c;rosidl_typesupport_introspection_c
[12.142s] -- Found rosidl_adapter: 1.3.0 (/opt/ros/foxy/share/rosidl_adapter/cmake)
[12.594s] -- Found OpenSSL: /usr/lib/x86_64-linux-gnu/libcrypto.so (found version "1.1.1f")  
[12.714s] -- Found FastRTPS: /opt/ros/foxy/include  
[13.104s] -- Using all available rosidl_typesupport_cpp: rosidl_typesupport_fastrtps_cpp;rosidl_typesupport_introspection_cpp
[13.596s] -- Found nav_msgs: 2.0.5 (/opt/ros/foxy/share/nav_msgs/cmake)
[13.979s] -- Found rclcpp: 2.4.2 (/opt/ros/foxy/share/rclcpp/cmake)
[14.179s] -- Found rmw_implementation_cmake: 1.0.4 (/opt/ros/foxy/share/rmw_implementation_cmake/cmake)
[14.190s] -- Using RMW implementation 'rmw_fastrtps_cpp' as default
[14.198s] -- Found Threads: TRUE  
[14.869s] -- Found sensor_msgs: 2.0.5 (/opt/ros/foxy/share/sensor_msgs/cmake)
[15.191s] -- Found tf2: 0.13.14 (/opt/ros/foxy/share/tf2/cmake)
[15.539s] -- Configuring done
[15.650s] -- Generating done
[15.660s] -- Build files have been written to: /home/veroalfa/turtlebot3_ws/build/turtlebot3_gazebo
[15.701s] Invoked command in '/home/veroalfa/turtlebot3_ws/build/turtlebot3_gazebo' returned '0': CMAKE_PREFIX_PATH=/home/veroalfa/turtlebot3_ws/install/turtlebot3_description:/home/veroalfa/turtlebot3_ws/install/turtlebot3:/home/veroalfa/turtlebot3_ws/install/turtlebot3_simulations:/home/veroalfa/turtlebot3_ws/install/turtlebot3_bringup:/home/veroalfa/turtlebot3_ws/install/turtlebot3_node:/home/veroalfa/turtlebot3_ws/install/turtlebot3_navigation2:/home/veroalfa/turtlebot3_ws/install/turtlebot3_fake_node:/home/veroalfa/turtlebot3_ws/install/turtlebot3_msgs:/home/veroalfa/turtlebot3_ws/install/turtlebot3_gazebo:/home/veroalfa/turtlebot3_ws/install/turtlebot3_cartographer:/home/veroalfa/turtlebot3_ws/install/dynamixel_sdk_examples:/home/veroalfa/turtlebot3_ws/install/dynamixel_sdk_custom_interfaces:/home/veroalfa/turtlebot3_ws/install/dynamixel_sdk:/home/veroalfa/model_ws/install/xicro_pkg:/home/veroalfa/model_ws/install/xicro_interfaces:/home/veroalfa/model_ws/install/calibration_interfaces:/home/veroalfa/model_ws/install/calibration_gen:/home/veroalfa/model_ws/install/calibration:/home/veroalfa/lab4_ws/install/fra333_lab4_17_1_interfaces:/home/veroalfa/lab4_ws/install/fra333_lab4_17_1:/home/veroalfa/lab3ex_ws/install/xicro_pkg:/home/veroalfa/lab3ex_ws/install/xicro_interfaces:/home/veroalfa/lab3ex_ws/install/fra333_lab3_17_1:/home/veroalfa/lab2ex_ws/install/fra333_lab1:/home/veroalfa/lab1_ws/install/lab1_interfaces:/home/veroalfa/lab1_ws/install/fra333_lab1_17:/home/veroalfa/lab2_ws/install/dummy_kinematics_interfaces:/home/veroalfa/lab2_ws/install/dummy_kinematics:/home/veroalfa/lab2_ws/install/dummy_description:/home/veroalfa/turtlebot3_ws/install/turtlebot3_teleop:/home/veroalfa/turtlebot3_ws/install/turtlebot3_example:/opt/ros/foxy /usr/bin/cmake /home/veroalfa/turtlebot3_ws/src/turtlebot3_simulations/turtlebot3_gazebo -DCMAKE_INSTALL_PREFIX=/home/veroalfa/turtlebot3_ws/install/turtlebot3_gazebo
[15.712s] Invoking command in '/home/veroalfa/turtlebot3_ws/build/turtlebot3_gazebo': CMAKE_PREFIX_PATH=/home/veroalfa/turtlebot3_ws/install/turtlebot3_description:/home/veroalfa/turtlebot3_ws/install/turtlebot3:/home/veroalfa/turtlebot3_ws/install/turtlebot3_simulations:/home/veroalfa/turtlebot3_ws/install/turtlebot3_bringup:/home/veroalfa/turtlebot3_ws/install/turtlebot3_node:/home/veroalfa/turtlebot3_ws/install/turtlebot3_navigation2:/home/veroalfa/turtlebot3_ws/install/turtlebot3_fake_node:/home/veroalfa/turtlebot3_ws/install/turtlebot3_msgs:/home/veroalfa/turtlebot3_ws/install/turtlebot3_gazebo:/home/veroalfa/turtlebot3_ws/install/turtlebot3_cartographer:/home/veroalfa/turtlebot3_ws/install/dynamixel_sdk_examples:/home/veroalfa/turtlebot3_ws/install/dynamixel_sdk_custom_interfaces:/home/veroalfa/turtlebot3_ws/install/dynamixel_sdk:/home/veroalfa/model_ws/install/xicro_pkg:/home/veroalfa/model_ws/install/xicro_interfaces:/home/veroalfa/model_ws/install/calibration_interfaces:/home/veroalfa/model_ws/install/calibration_gen:/home/veroalfa/model_ws/install/calibration:/home/veroalfa/lab4_ws/install/fra333_lab4_17_1_interfaces:/home/veroalfa/lab4_ws/install/fra333_lab4_17_1:/home/veroalfa/lab3ex_ws/install/xicro_pkg:/home/veroalfa/lab3ex_ws/install/xicro_interfaces:/home/veroalfa/lab3ex_ws/install/fra333_lab3_17_1:/home/veroalfa/lab2ex_ws/install/fra333_lab1:/home/veroalfa/lab1_ws/install/lab1_interfaces:/home/veroalfa/lab1_ws/install/fra333_lab1_17:/home/veroalfa/lab2_ws/install/dummy_kinematics_interfaces:/home/veroalfa/lab2_ws/install/dummy_kinematics:/home/veroalfa/lab2_ws/install/dummy_description:/home/veroalfa/turtlebot3_ws/install/turtlebot3_teleop:/home/veroalfa/turtlebot3_ws/install/turtlebot3_example:/opt/ros/foxy /usr/bin/cmake --build /home/veroalfa/turtlebot3_ws/build/turtlebot3_gazebo -- -j8 -l8
[15.852s] [35m[1mScanning dependencies of target obstacles[0m
[16.361s] [ 12%] [32mBuilding CXX object CMakeFiles/obstacles.dir/models/turtlebot3_dqn_world/obstacle_plugin/obstacles.cc.o[0m
[59.040s] [ 25%] [32m[1mLinking CXX shared library libobstacles.so[0m
[60.436s] [ 25%] Built target obstacles
[60.466s] [35m[1mScanning dependencies of target obstacle1[0m
[60.774s] [ 37%] [32mBuilding CXX object CMakeFiles/obstacle1.dir/models/turtlebot3_dqn_world/obstacle_plugin/obstacle1.cc.o[0m
[102.365s] [ 50%] [32m[1mLinking CXX shared library libobstacle1.so[0m
[103.852s] [ 50%] Built target obstacle1
[103.904s] [35m[1mScanning dependencies of target turtlebot3_drive[0m
[104.162s] [ 62%] [32mBuilding CXX object CMakeFiles/turtlebot3_drive.dir/src/turtlebot3_drive.cpp.o[0m
[136.737s] [ 75%] [32m[1mLinking CXX executable turtlebot3_drive[0m
[138.372s] [ 75%] Built target turtlebot3_drive
[138.418s] [35m[1mScanning dependencies of target obstacle2[0m
[138.766s] [ 87%] [32mBuilding CXX object CMakeFiles/obstacle2.dir/models/turtlebot3_dqn_world/obstacle_plugin/obstacle2.cc.o[0m
[180.469s] [100%] [32m[1mLinking CXX shared library libobstacle2.so[0m
[181.804s] [100%] Built target obstacle2
[181.853s] Invoked command in '/home/veroalfa/turtlebot3_ws/build/turtlebot3_gazebo' returned '0': CMAKE_PREFIX_PATH=/home/veroalfa/turtlebot3_ws/install/turtlebot3_description:/home/veroalfa/turtlebot3_ws/install/turtlebot3:/home/veroalfa/turtlebot3_ws/install/turtlebot3_simulations:/home/veroalfa/turtlebot3_ws/install/turtlebot3_bringup:/home/veroalfa/turtlebot3_ws/install/turtlebot3_node:/home/veroalfa/turtlebot3_ws/install/turtlebot3_navigation2:/home/veroalfa/turtlebot3_ws/install/turtlebot3_fake_node:/home/veroalfa/turtlebot3_ws/install/turtlebot3_msgs:/home/veroalfa/turtlebot3_ws/install/turtlebot3_gazebo:/home/veroalfa/turtlebot3_ws/install/turtlebot3_cartographer:/home/veroalfa/turtlebot3_ws/install/dynamixel_sdk_examples:/home/veroalfa/turtlebot3_ws/install/dynamixel_sdk_custom_interfaces:/home/veroalfa/turtlebot3_ws/install/dynamixel_sdk:/home/veroalfa/model_ws/install/xicro_pkg:/home/veroalfa/model_ws/install/xicro_interfaces:/home/veroalfa/model_ws/install/calibration_interfaces:/home/veroalfa/model_ws/install/calibration_gen:/home/veroalfa/model_ws/install/calibration:/home/veroalfa/lab4_ws/install/fra333_lab4_17_1_interfaces:/home/veroalfa/lab4_ws/install/fra333_lab4_17_1:/home/veroalfa/lab3ex_ws/install/xicro_pkg:/home/veroalfa/lab3ex_ws/install/xicro_interfaces:/home/veroalfa/lab3ex_ws/install/fra333_lab3_17_1:/home/veroalfa/lab2ex_ws/install/fra333_lab1:/home/veroalfa/lab1_ws/install/lab1_interfaces:/home/veroalfa/lab1_ws/install/fra333_lab1_17:/home/veroalfa/lab2_ws/install/dummy_kinematics_interfaces:/home/veroalfa/lab2_ws/install/dummy_kinematics:/home/veroalfa/lab2_ws/install/dummy_description:/home/veroalfa/turtlebot3_ws/install/turtlebot3_teleop:/home/veroalfa/turtlebot3_ws/install/turtlebot3_example:/opt/ros/foxy /usr/bin/cmake --build /home/veroalfa/turtlebot3_ws/build/turtlebot3_gazebo -- -j8 -l8
[182.006s] Invoking command in '/home/veroalfa/turtlebot3_ws/build/turtlebot3_gazebo': CMAKE_PREFIX_PATH=/home/veroalfa/turtlebot3_ws/install/turtlebot3_description:/home/veroalfa/turtlebot3_ws/install/turtlebot3:/home/veroalfa/turtlebot3_ws/install/turtlebot3_simulations:/home/veroalfa/turtlebot3_ws/install/turtlebot3_bringup:/home/veroalfa/turtlebot3_ws/install/turtlebot3_node:/home/veroalfa/turtlebot3_ws/install/turtlebot3_navigation2:/home/veroalfa/turtlebot3_ws/install/turtlebot3_fake_node:/home/veroalfa/turtlebot3_ws/install/turtlebot3_msgs:/home/veroalfa/turtlebot3_ws/install/turtlebot3_gazebo:/home/veroalfa/turtlebot3_ws/install/turtlebot3_cartographer:/home/veroalfa/turtlebot3_ws/install/dynamixel_sdk_examples:/home/veroalfa/turtlebot3_ws/install/dynamixel_sdk_custom_interfaces:/home/veroalfa/turtlebot3_ws/install/dynamixel_sdk:/home/veroalfa/model_ws/install/xicro_pkg:/home/veroalfa/model_ws/install/xicro_interfaces:/home/veroalfa/model_ws/install/calibration_interfaces:/home/veroalfa/model_ws/install/calibration_gen:/home/veroalfa/model_ws/install/calibration:/home/veroalfa/lab4_ws/install/fra333_lab4_17_1_interfaces:/home/veroalfa/lab4_ws/install/fra333_lab4_17_1:/home/veroalfa/lab3ex_ws/install/xicro_pkg:/home/veroalfa/lab3ex_ws/install/xicro_interfaces:/home/veroalfa/lab3ex_ws/install/fra333_lab3_17_1:/home/veroalfa/lab2ex_ws/install/fra333_lab1:/home/veroalfa/lab1_ws/install/lab1_interfaces:/home/veroalfa/lab1_ws/install/fra333_lab1_17:/home/veroalfa/lab2_ws/install/dummy_kinematics_interfaces:/home/veroalfa/lab2_ws/install/dummy_kinematics:/home/veroalfa/lab2_ws/install/dummy_description:/home/veroalfa/turtlebot3_ws/install/turtlebot3_teleop:/home/veroalfa/turtlebot3_ws/install/turtlebot3_example:/opt/ros/foxy /usr/bin/cmake --install /home/veroalfa/turtlebot3_ws/build/turtlebot3_gazebo
[182.063s] -- Install configuration: ""
[182.064s] -- Installing: /home/veroalfa/turtlebot3_ws/install/turtlebot3_gazebo/lib/turtlebot3_gazebo/turtlebot3_drive
[182.077s] -- Set runtime path of "/home/veroalfa/turtlebot3_ws/install/turtlebot3_gazebo/lib/turtlebot3_gazebo/turtlebot3_drive" to ""
[182.079s] -- Installing: /home/veroalfa/turtlebot3_ws/install/turtlebot3_gazebo/share/turtlebot3_gazebo//launch
[182.079s] -- Installing: /home/veroalfa/turtlebot3_ws/install/turtlebot3_gazebo/share/turtlebot3_gazebo//launch/turtlebot3_roball.launch.py
[182.080s] -- Installing: /home/veroalfa/turtlebot3_ws/install/turtlebot3_gazebo/share/turtlebot3_gazebo//launch/turtlebot3_dqn_stage4.launch.py
[182.080s] -- Installing: /home/veroalfa/turtlebot3_ws/install/turtlebot3_gazebo/share/turtlebot3_gazebo//launch/robot_state_publisher.launch.py
[182.081s] -- Installing: /home/veroalfa/turtlebot3_ws/install/turtlebot3_gazebo/share/turtlebot3_gazebo//launch/turtlebot3_autorace.launch.py
[182.084s] -- Installing: /home/veroalfa/turtlebot3_ws/install/turtlebot3_gazebo/share/turtlebot3_gazebo//launch/turtlebot3_world.launch.py
[182.085s] -- Installing: /home/veroalfa/turtlebot3_ws/install/turtlebot3_gazebo/share/turtlebot3_gazebo//launch/turtlebot3_dqn_stage3.launch.py
[182.085s] -- Installing: /home/veroalfa/turtlebot3_ws/install/turtlebot3_gazebo/share/turtlebot3_gazebo//launch/turtlebot3_dqn_stage1.launch.py
[182.086s] -- Installing: /home/veroalfa/turtlebot3_ws/install/turtlebot3_gazebo/share/turtlebot3_gazebo//launch/turtlebot3_house.launch.py
[182.086s] -- Installing: /home/veroalfa/turtlebot3_ws/install/turtlebot3_gazebo/share/turtlebot3_gazebo//launch/turtlebot3_dqn_stage2.launch.py
[182.086s] -- Installing: /home/veroalfa/turtlebot3_ws/install/turtlebot3_gazebo/share/turtlebot3_gazebo//launch/empty_world.launch.py
[182.086s] -- Installing: /home/veroalfa/turtlebot3_ws/install/turtlebot3_gazebo/share/turtlebot3_gazebo//models
[182.087s] -- Installing: /home/veroalfa/turtlebot3_ws/install/turtlebot3_gazebo/share/turtlebot3_gazebo//models/roball_world
[182.087s] -- Installing: /home/veroalfa/turtlebot3_ws/install/turtlebot3_gazebo/share/turtlebot3_gazebo//models/roball_world/model.sdf
[182.088s] -- Installing: /home/veroalfa/turtlebot3_ws/install/turtlebot3_gazebo/share/turtlebot3_gazebo//models/roball_world/model.config
[182.089s] -- Installing: /home/veroalfa/turtlebot3_ws/install/turtlebot3_gazebo/share/turtlebot3_gazebo//models/turtlebot3_house
[182.089s] -- Installing: /home/veroalfa/turtlebot3_ws/install/turtlebot3_gazebo/share/turtlebot3_gazebo//models/turtlebot3_house/model.sdf
[182.090s] -- Installing: /home/veroalfa/turtlebot3_ws/install/turtlebot3_gazebo/share/turtlebot3_gazebo//models/turtlebot3_house/model.config
[182.090s] -- Installing: /home/veroalfa/turtlebot3_ws/install/turtlebot3_gazebo/share/turtlebot3_gazebo//models/turtlebot3_burger
[182.091s] -- Installing: /home/veroalfa/turtlebot3_ws/install/turtlebot3_gazebo/share/turtlebot3_gazebo//models/turtlebot3_burger/model-1_4.sdf
[182.091s] -- Installing: /home/veroalfa/turtlebot3_ws/install/turtlebot3_gazebo/share/turtlebot3_gazebo//models/turtlebot3_burger/meshes
[182.095s] -- Installing: /home/veroalfa/turtlebot3_ws/install/turtlebot3_gazebo/share/turtlebot3_gazebo//models/turtlebot3_burger/meshes/tire.dae
[182.097s] -- Installing: /home/veroalfa/turtlebot3_ws/install/turtlebot3_gazebo/share/turtlebot3_gazebo//models/turtlebot3_burger/meshes/lds.dae
[182.098s] -- Installing: /home/veroalfa/turtlebot3_ws/install/turtlebot3_gazebo/share/turtlebot3_gazebo//models/turtlebot3_burger/meshes/burger_base.dae
[182.099s] -- Installing: /home/veroalfa/turtlebot3_ws/install/turtlebot3_gazebo/share/turtlebot3_gazebo//models/turtlebot3_burger/model.sdf
[182.100s] -- Installing: /home/veroalfa/turtlebot3_ws/install/turtlebot3_gazebo/share/turtlebot3_gazebo//models/turtlebot3_burger/model.config
[182.101s] -- Installing: /home/veroalfa/turtlebot3_ws/install/turtlebot3_gazebo/share/turtlebot3_gazebo//models/turtlebot3_waffle
[182.101s] -- Installing: /home/veroalfa/turtlebot3_ws/install/turtlebot3_gazebo/share/turtlebot3_gazebo//models/turtlebot3_waffle/model-1_4.sdf
[182.101s] -- Installing: /home/veroalfa/turtlebot3_ws/install/turtlebot3_gazebo/share/turtlebot3_gazebo//models/turtlebot3_waffle/meshes
[182.102s] -- Installing: /home/veroalfa/turtlebot3_ws/install/turtlebot3_gazebo/share/turtlebot3_gazebo//models/turtlebot3_waffle/meshes/waffle_base.dae
[182.103s] -- Installing: /home/veroalfa/turtlebot3_ws/install/turtlebot3_gazebo/share/turtlebot3_gazebo//models/turtlebot3_waffle/meshes/tire.dae
[182.104s] -- Installing: /home/veroalfa/turtlebot3_ws/install/turtlebot3_gazebo/share/turtlebot3_gazebo//models/turtlebot3_waffle/meshes/lds.dae
[182.106s] -- Installing: /home/veroalfa/turtlebot3_ws/install/turtlebot3_gazebo/share/turtlebot3_gazebo//models/turtlebot3_waffle/meshes/r200.dae
[182.106s] -- Installing: /home/veroalfa/turtlebot3_ws/install/turtlebot3_gazebo/share/turtlebot3_gazebo//models/turtlebot3_waffle/model.sdf
[182.106s] -- Installing: /home/veroalfa/turtlebot3_ws/install/turtlebot3_gazebo/share/turtlebot3_gazebo//models/turtlebot3_waffle/model.config
[182.107s] -- Installing: /home/veroalfa/turtlebot3_ws/install/turtlebot3_gazebo/share/turtlebot3_gazebo//models/turtlebot3_waffle_pi
[182.108s] -- Installing: /home/veroalfa/turtlebot3_ws/install/turtlebot3_gazebo/share/turtlebot3_gazebo//models/turtlebot3_waffle_pi/meshes
[182.108s] -- Installing: /home/veroalfa/turtlebot3_ws/install/turtlebot3_gazebo/share/turtlebot3_gazebo//models/turtlebot3_waffle_pi/meshes/tire.dae
[182.109s] -- Installing: /home/veroalfa/turtlebot3_ws/install/turtlebot3_gazebo/share/turtlebot3_gazebo//models/turtlebot3_waffle_pi/meshes/lds.dae
[182.111s] -- Installing: /home/veroalfa/turtlebot3_ws/install/turtlebot3_gazebo/share/turtlebot3_gazebo//models/turtlebot3_waffle_pi/meshes/waffle_pi_base.dae
[182.112s] -- Installing: /home/veroalfa/turtlebot3_ws/install/turtlebot3_gazebo/share/turtlebot3_gazebo//models/turtlebot3_waffle_pi/model.sdf
[182.113s] -- Installing: /home/veroalfa/turtlebot3_ws/install/turtlebot3_gazebo/share/turtlebot3_gazebo//models/turtlebot3_waffle_pi/model.config
[182.114s] -- Installing: /home/veroalfa/turtlebot3_ws/install/turtlebot3_gazebo/share/turtlebot3_gazebo//models/turtlebot3_waffle_pi/model-1_4_.sdf
[182.114s] -- Installing: /home/veroalfa/turtlebot3_ws/install/turtlebot3_gazebo/share/turtlebot3_gazebo//models/turtlebot3_dqn_world
[182.114s] -- Installing: /home/veroalfa/turtlebot3_ws/install/turtlebot3_gazebo/share/turtlebot3_gazebo//models/turtlebot3_dqn_world/obstacle2
[182.115s] -- Installing: /home/veroalfa/turtlebot3_ws/install/turtlebot3_gazebo/share/turtlebot3_gazebo//models/turtlebot3_dqn_world/obstacle2/model.sdf
[182.121s] -- Installing: /home/veroalfa/turtlebot3_ws/install/turtlebot3_gazebo/share/turtlebot3_gazebo//models/turtlebot3_dqn_world/obstacle2/model.config
[182.122s] -- Installing: /home/veroalfa/turtlebot3_ws/install/turtlebot3_gazebo/share/turtlebot3_gazebo//models/turtlebot3_dqn_world/obstacles
[182.122s] -- Installing: /home/veroalfa/turtlebot3_ws/install/turtlebot3_gazebo/share/turtlebot3_gazebo//models/turtlebot3_dqn_world/obstacles/model.sdf
[182.123s] -- Installing: /home/veroalfa/turtlebot3_ws/install/turtlebot3_gazebo/share/turtlebot3_gazebo//models/turtlebot3_dqn_world/obstacles/model.config
[182.124s] -- Installing: /home/veroalfa/turtlebot3_ws/install/turtlebot3_gazebo/share/turtlebot3_gazebo//models/turtlebot3_dqn_world/model.sdf
[182.124s] -- Installing: /home/veroalfa/turtlebot3_ws/install/turtlebot3_gazebo/share/turtlebot3_gazebo//models/turtlebot3_dqn_world/obstacle1
[182.124s] -- Installing: /home/veroalfa/turtlebot3_ws/install/turtlebot3_gazebo/share/turtlebot3_gazebo//models/turtlebot3_dqn_world/obstacle1/model.sdf
[182.125s] -- Installing: /home/veroalfa/turtlebot3_ws/install/turtlebot3_gazebo/share/turtlebot3_gazebo//models/turtlebot3_dqn_world/obstacle1/model.config
[182.125s] -- Installing: /home/veroalfa/turtlebot3_ws/install/turtlebot3_gazebo/share/turtlebot3_gazebo//models/turtlebot3_dqn_world/inner_walls
[182.125s] -- Installing: /home/veroalfa/turtlebot3_ws/install/turtlebot3_gazebo/share/turtlebot3_gazebo//models/turtlebot3_dqn_world/inner_walls/model.sdf
[182.125s] -- Installing: /home/veroalfa/turtlebot3_ws/install/turtlebot3_gazebo/share/turtlebot3_gazebo//models/turtlebot3_dqn_world/inner_walls/model.config
[182.126s] -- Installing: /home/veroalfa/turtlebot3_ws/install/turtlebot3_gazebo/share/turtlebot3_gazebo//models/turtlebot3_dqn_world/goal_box
[182.127s] -- Installing: /home/veroalfa/turtlebot3_ws/install/turtlebot3_gazebo/share/turtlebot3_gazebo//models/turtlebot3_dqn_world/goal_box/model.sdf
[182.130s] -- Installing: /home/veroalfa/turtlebot3_ws/install/turtlebot3_gazebo/share/turtlebot3_gazebo//models/turtlebot3_dqn_world/goal_box/model.config
[182.137s] -- Installing: /home/veroalfa/turtlebot3_ws/install/turtlebot3_gazebo/share/turtlebot3_gazebo//models/turtlebot3_dqn_world/model.config
[182.137s] -- Installing: /home/veroalfa/turtlebot3_ws/install/turtlebot3_gazebo/share/turtlebot3_gazebo//models/turtlebot3_dqn_world/obstacle_plugin
[182.137s] -- Installing: /home/veroalfa/turtlebot3_ws/install/turtlebot3_gazebo/share/turtlebot3_gazebo//models/turtlebot3_dqn_world/obstacle_plugin/CMakeLists.txt
[182.138s] -- Installing: /home/veroalfa/turtlebot3_ws/install/turtlebot3_gazebo/share/turtlebot3_gazebo//models/turtlebot3_dqn_world/obstacle_plugin/obstacle2.cc
[182.148s] -- Installing: /home/veroalfa/turtlebot3_ws/install/turtlebot3_gazebo/share/turtlebot3_gazebo//models/turtlebot3_dqn_world/obstacle_plugin/obstacle1.cc
[182.148s] -- Installing: /home/veroalfa/turtlebot3_ws/install/turtlebot3_gazebo/share/turtlebot3_gazebo//models/turtlebot3_dqn_world/obstacle_plugin/obstacles.cc
[182.149s] -- Installing: /home/veroalfa/turtlebot3_ws/install/turtlebot3_gazebo/share/turtlebot3_gazebo//models/turtlebot3_autorace
[182.149s] -- Installing: /home/veroalfa/turtlebot3_ws/install/turtlebot3_gazebo/share/turtlebot3_gazebo//models/turtlebot3_autorace/traffic_bar_up
[182.150s] -- Installing: /home/veroalfa/turtlebot3_ws/install/turtlebot3_gazebo/share/turtlebot3_gazebo//models/turtlebot3_autorace/traffic_bar_up/model.sdf
[182.150s] -- Installing: /home/veroalfa/turtlebot3_ws/install/turtlebot3_gazebo/share/turtlebot3_gazebo//models/turtlebot3_autorace/traffic_bar_up/model.config
[182.151s] -- Installing: /home/veroalfa/turtlebot3_ws/install/turtlebot3_gazebo/share/turtlebot3_gazebo//models/turtlebot3_autorace/traffic_bar_up/materials
[182.151s] -- Installing: /home/veroalfa/turtlebot3_ws/install/turtlebot3_gazebo/share/turtlebot3_gazebo//models/turtlebot3_autorace/traffic_bar_up/materials/scripts
[182.151s] -- Installing: /home/veroalfa/turtlebot3_ws/install/turtlebot3_gazebo/share/turtlebot3_gazebo//models/turtlebot3_autorace/traffic_bar_up/materials/scripts/traffic_bar.material
[182.152s] -- Installing: /home/veroalfa/turtlebot3_ws/install/turtlebot3_gazebo/share/turtlebot3_gazebo//models/turtlebot3_autorace/traffic_bar_up/materials/textures
[182.178s] -- Installing: /home/veroalfa/turtlebot3_ws/install/turtlebot3_gazebo/share/turtlebot3_gazebo//models/turtlebot3_autorace/traffic_bar_up/materials/textures/traffic_bar.png
[182.179s] -- Installing: /home/veroalfa/turtlebot3_ws/install/turtlebot3_gazebo/share/turtlebot3_gazebo//models/turtlebot3_autorace/traffic_stop
[182.179s] -- Installing: /home/veroalfa/turtlebot3_ws/install/turtlebot3_gazebo/share/turtlebot3_gazebo//models/turtlebot3_autorace/traffic_stop/model.sdf
[182.180s] -- Installing: /home/veroalfa/turtlebot3_ws/install/turtlebot3_gazebo/share/turtlebot3_gazebo//models/turtlebot3_autorace/traffic_stop/model.config
[182.180s] -- Installing: /home/veroalfa/turtlebot3_ws/install/turtlebot3_gazebo/share/turtlebot3_gazebo//models/turtlebot3_autorace/traffic_stop/materials
[182.180s] -- Installing: /home/veroalfa/turtlebot3_ws/install/turtlebot3_gazebo/share/turtlebot3_gazebo//models/turtlebot3_autorace/traffic_stop/materials/scripts
[182.180s] -- Installing: /home/veroalfa/turtlebot3_ws/install/turtlebot3_gazebo/share/turtlebot3_gazebo//models/turtlebot3_autorace/traffic_stop/materials/scripts/traffic_stop.material
[182.180s] -- Installing: /home/veroalfa/turtlebot3_ws/install/turtlebot3_gazebo/share/turtlebot3_gazebo//models/turtlebot3_autorace/traffic_stop/materials/textures
[182.181s] -- Installing: /home/veroalfa/turtlebot3_ws/install/turtlebot3_gazebo/share/turtlebot3_gazebo//models/turtlebot3_autorace/traffic_stop/materials/textures/traffic_stop.png
[182.181s] -- Installing: /home/veroalfa/turtlebot3_ws/install/turtlebot3_gazebo/share/turtlebot3_gazebo//models/turtlebot3_autorace/traffic_light_red
[182.182s] -- Installing: /home/veroalfa/turtlebot3_ws/install/turtlebot3_gazebo/share/turtlebot3_gazebo//models/turtlebot3_autorace/traffic_light_red/model.sdf
[182.182s] -- Installing: /home/veroalfa/turtlebot3_ws/install/turtlebot3_gazebo/share/turtlebot3_gazebo//models/turtlebot3_autorace/traffic_light_red/model.config
[182.183s] -- Installing: /home/veroalfa/turtlebot3_ws/install/turtlebot3_gazebo/share/turtlebot3_gazebo//models/turtlebot3_autorace/traffic_tunnel
[182.183s] -- Installing: /home/veroalfa/turtlebot3_ws/install/turtlebot3_gazebo/share/turtlebot3_gazebo//models/turtlebot3_autorace/traffic_tunnel/model.sdf
[182.183s] -- Installing: /home/veroalfa/turtlebot3_ws/install/turtlebot3_gazebo/share/turtlebot3_gazebo//models/turtlebot3_autorace/traffic_tunnel/model.config
[182.184s] -- Installing: /home/veroalfa/turtlebot3_ws/install/turtlebot3_gazebo/share/turtlebot3_gazebo//models/turtlebot3_autorace/traffic_tunnel/materials
[182.184s] -- Installing: /home/veroalfa/turtlebot3_ws/install/turtlebot3_gazebo/share/turtlebot3_gazebo//models/turtlebot3_autorace/traffic_tunnel/materials/scripts
[182.201s] -- Installing: /home/veroalfa/turtlebot3_ws/install/turtlebot3_gazebo/share/turtlebot3_gazebo//models/turtlebot3_autorace/traffic_tunnel/materials/scripts/tunnel.material
[182.203s] -- Installing: /home/veroalfa/turtlebot3_ws/install/turtlebot3_gazebo/share/turtlebot3_gazebo//models/turtlebot3_autorace/traffic_tunnel/materials/textures
[182.204s] -- Installing: /home/veroalfa/turtlebot3_ws/install/turtlebot3_gazebo/share/turtlebot3_gazebo//models/turtlebot3_autorace/traffic_tunnel/materials/textures/tunnel.png
[182.205s] -- Installing: /home/veroalfa/turtlebot3_ws/install/turtlebot3_gazebo/share/turtlebot3_gazebo//models/turtlebot3_autorace/traffic_light_green
[182.206s] -- Installing: /home/veroalfa/turtlebot3_ws/install/turtlebot3_gazebo/share/turtlebot3_gazebo//models/turtlebot3_autorace/traffic_light_green/model.sdf
[182.206s] -- Installing: /home/veroalfa/turtlebot3_ws/install/turtlebot3_gazebo/share/turtlebot3_gazebo//models/turtlebot3_autorace/traffic_light_green/model.config
[182.207s] -- Installing: /home/veroalfa/turtlebot3_ws/install/turtlebot3_gazebo/share/turtlebot3_gazebo//models/turtlebot3_autorace/traffic_parking
[182.207s] -- Installing: /home/veroalfa/turtlebot3_ws/install/turtlebot3_gazebo/share/turtlebot3_gazebo//models/turtlebot3_autorace/traffic_parking/model.sdf
[182.208s] -- Installing: /home/veroalfa/turtlebot3_ws/install/turtlebot3_gazebo/share/turtlebot3_gazebo//models/turtlebot3_autorace/traffic_parking/model.config
[182.208s] -- Installing: /home/veroalfa/turtlebot3_ws/install/turtlebot3_gazebo/share/turtlebot3_gazebo//models/turtlebot3_autorace/traffic_parking/materials
[182.208s] -- Installing: /home/veroalfa/turtlebot3_ws/install/turtlebot3_gazebo/share/turtlebot3_gazebo//models/turtlebot3_autorace/traffic_parking/materials/scripts
[182.209s] -- Installing: /home/veroalfa/turtlebot3_ws/install/turtlebot3_gazebo/share/turtlebot3_gazebo//models/turtlebot3_autorace/traffic_parking/materials/scripts/traffic_parking.material
[182.209s] -- Installing: /home/veroalfa/turtlebot3_ws/install/turtlebot3_gazebo/share/turtlebot3_gazebo//models/turtlebot3_autorace/traffic_parking/materials/textures
[182.209s] -- Installing: /home/veroalfa/turtlebot3_ws/install/turtlebot3_gazebo/share/turtlebot3_gazebo//models/turtlebot3_autorace/traffic_parking/materials/textures/traffic_parking.png
[182.211s] -- Installing: /home/veroalfa/turtlebot3_ws/install/turtlebot3_gazebo/share/turtlebot3_gazebo//models/turtlebot3_autorace/ground
[182.211s] -- Installing: /home/veroalfa/turtlebot3_ws/install/turtlebot3_gazebo/share/turtlebot3_gazebo//models/turtlebot3_autorace/ground/model.sdf
[182.211s] -- Installing: /home/veroalfa/turtlebot3_ws/install/turtlebot3_gazebo/share/turtlebot3_gazebo//models/turtlebot3_autorace/ground/model.config
[182.212s] -- Installing: /home/veroalfa/turtlebot3_ws/install/turtlebot3_gazebo/share/turtlebot3_gazebo//models/turtlebot3_autorace/tunnel_wall
[182.212s] -- Installing: /home/veroalfa/turtlebot3_ws/install/turtlebot3_gazebo/share/turtlebot3_gazebo//models/turtlebot3_autorace/tunnel_wall/model.sdf
[182.213s] -- Installing: /home/veroalfa/turtlebot3_ws/install/turtlebot3_gazebo/share/turtlebot3_gazebo//models/turtlebot3_autorace/tunnel_wall/model.config
[182.213s] -- Installing: /home/veroalfa/turtlebot3_ws/install/turtlebot3_gazebo/share/turtlebot3_gazebo//models/turtlebot3_autorace/course
[182.213s] -- Installing: /home/veroalfa/turtlebot3_ws/install/turtlebot3_gazebo/share/turtlebot3_gazebo//models/turtlebot3_autorace/course/model.sdf
[182.214s] -- Installing: /home/veroalfa/turtlebot3_ws/install/turtlebot3_gazebo/share/turtlebot3_gazebo//models/turtlebot3_autorace/course/model.config
[182.214s] -- Installing: /home/veroalfa/turtlebot3_ws/install/turtlebot3_gazebo/share/turtlebot3_gazebo//models/turtlebot3_autorace/course/materials
[182.214s] -- Installing: /home/veroalfa/turtlebot3_ws/install/turtlebot3_gazebo/share/turtlebot3_gazebo//models/turtlebot3_autorace/course/materials/scripts
[182.214s] -- Installing: /home/veroalfa/turtlebot3_ws/install/turtlebot3_gazebo/share/turtlebot3_gazebo//models/turtlebot3_autorace/course/materials/scripts/course.material
[182.215s] -- Installing: /home/veroalfa/turtlebot3_ws/install/turtlebot3_gazebo/share/turtlebot3_gazebo//models/turtlebot3_autorace/course/materials/textures
[182.215s] -- Installing: /home/veroalfa/turtlebot3_ws/install/turtlebot3_gazebo/share/turtlebot3_gazebo//models/turtlebot3_autorace/course/materials/textures/course.png
[182.215s] -- Installing: /home/veroalfa/turtlebot3_ws/install/turtlebot3_gazebo/share/turtlebot3_gazebo//models/turtlebot3_autorace/lights
[182.215s] -- Installing: /home/veroalfa/turtlebot3_ws/install/turtlebot3_gazebo/share/turtlebot3_gazebo//models/turtlebot3_autorace/lights/model.sdf
[182.216s] -- Installing: /home/veroalfa/turtlebot3_ws/install/turtlebot3_gazebo/share/turtlebot3_gazebo//models/turtlebot3_autorace/lights/model.config
[182.216s] -- Installing: /home/veroalfa/turtlebot3_ws/install/turtlebot3_gazebo/share/turtlebot3_gazebo//models/turtlebot3_autorace/model.config
[182.216s] -- Installing: /home/veroalfa/turtlebot3_ws/install/turtlebot3_gazebo/share/turtlebot3_gazebo//models/turtlebot3_autorace/tunnel_obstacles
[182.216s] -- Installing: /home/veroalfa/turtlebot3_ws/install/turtlebot3_gazebo/share/turtlebot3_gazebo//models/turtlebot3_autorace/tunnel_obstacles/model.sdf
[182.217s] -- Installing: /home/veroalfa/turtlebot3_ws/install/turtlebot3_gazebo/share/turtlebot3_gazebo//models/turtlebot3_autorace/tunnel_obstacles/model.config
[182.217s] -- Installing: /home/veroalfa/turtlebot3_ws/install/turtlebot3_gazebo/share/turtlebot3_gazebo//models/turtlebot3_autorace/traffic_bar_down
[182.217s] -- Installing: /home/veroalfa/turtlebot3_ws/install/turtlebot3_gazebo/share/turtlebot3_gazebo//models/turtlebot3_autorace/traffic_bar_down/model.sdf
[182.217s] -- Installing: /home/veroalfa/turtlebot3_ws/install/turtlebot3_gazebo/share/turtlebot3_gazebo//models/turtlebot3_autorace/traffic_bar_down/model.config
[182.218s] -- Installing: /home/veroalfa/turtlebot3_ws/install/turtlebot3_gazebo/share/turtlebot3_gazebo//models/turtlebot3_autorace/traffic_bar_down/materials
[182.218s] -- Installing: /home/veroalfa/turtlebot3_ws/install/turtlebot3_gazebo/share/turtlebot3_gazebo//models/turtlebot3_autorace/traffic_bar_down/materials/scripts
[182.218s] -- Installing: /home/veroalfa/turtlebot3_ws/install/turtlebot3_gazebo/share/turtlebot3_gazebo//models/turtlebot3_autorace/traffic_bar_down/materials/scripts/traffic_bar.material
[182.219s] -- Installing: /home/veroalfa/turtlebot3_ws/install/turtlebot3_gazebo/share/turtlebot3_gazebo//models/turtlebot3_autorace/traffic_bar_down/materials/textures
[182.219s] -- Installing: /home/veroalfa/turtlebot3_ws/install/turtlebot3_gazebo/share/turtlebot3_gazebo//models/turtlebot3_autorace/traffic_bar_down/materials/textures/traffic_bar.png
[182.219s] -- Installing: /home/veroalfa/turtlebot3_ws/install/turtlebot3_gazebo/share/turtlebot3_gazebo//models/turtlebot3_autorace/traffic_light_yellow
[182.219s] -- Installing: /home/veroalfa/turtlebot3_ws/install/turtlebot3_gazebo/share/turtlebot3_gazebo//models/turtlebot3_autorace/traffic_light_yellow/model.sdf
[182.220s] -- Installing: /home/veroalfa/turtlebot3_ws/install/turtlebot3_gazebo/share/turtlebot3_gazebo//models/turtlebot3_autorace/traffic_light_yellow/model.config
[182.221s] -- Installing: /home/veroalfa/turtlebot3_ws/install/turtlebot3_gazebo/share/turtlebot3_gazebo//models/turtlebot3_world
[182.222s] -- Installing: /home/veroalfa/turtlebot3_ws/install/turtlebot3_gazebo/share/turtlebot3_gazebo//models/turtlebot3_world/model-1_4.sdf
[182.223s] -- Installing: /home/veroalfa/turtlebot3_ws/install/turtlebot3_gazebo/share/turtlebot3_gazebo//models/turtlebot3_world/meshes
[182.224s] -- Installing: /home/veroalfa/turtlebot3_ws/install/turtlebot3_gazebo/share/turtlebot3_gazebo//models/turtlebot3_world/meshes/wall.dae
[182.225s] -- Installing: /home/veroalfa/turtlebot3_ws/install/turtlebot3_gazebo/share/turtlebot3_gazebo//models/turtlebot3_world/meshes/hexagon.dae
[182.225s] -- Installing: /home/veroalfa/turtlebot3_ws/install/turtlebot3_gazebo/share/turtlebot3_gazebo//models/turtlebot3_world/model.sdf
[182.225s] -- Installing: /home/veroalfa/turtlebot3_ws/install/turtlebot3_gazebo/share/turtlebot3_gazebo//models/turtlebot3_world/model.config
[182.226s] -- Installing: /home/veroalfa/turtlebot3_ws/install/turtlebot3_gazebo/share/turtlebot3_gazebo//rviz
[182.226s] -- Installing: /home/veroalfa/turtlebot3_ws/install/turtlebot3_gazebo/share/turtlebot3_gazebo//rviz/tb3_gazebo.rviz
[182.227s] -- Installing: /home/veroalfa/turtlebot3_ws/install/turtlebot3_gazebo/share/turtlebot3_gazebo//worlds
[182.227s] -- Installing: /home/veroalfa/turtlebot3_ws/install/turtlebot3_gazebo/share/turtlebot3_gazebo//worlds/turtlebot3_dqn_stage2
[182.227s] -- Installing: /home/veroalfa/turtlebot3_ws/install/turtlebot3_gazebo/share/turtlebot3_gazebo//worlds/turtlebot3_dqn_stage2/waffle.model
[182.228s] -- Installing: /home/veroalfa/turtlebot3_ws/install/turtlebot3_gazebo/share/turtlebot3_gazebo//worlds/turtlebot3_dqn_stage2/waffle_pi.model
[182.228s] -- Installing: /home/veroalfa/turtlebot3_ws/install/turtlebot3_gazebo/share/turtlebot3_gazebo//worlds/turtlebot3_dqn_stage2/burger.model
[182.229s] -- Installing: /home/veroalfa/turtlebot3_ws/install/turtlebot3_gazebo/share/turtlebot3_gazebo//worlds/turtlebot3_autoraces
[182.229s] -- Installing: /home/veroalfa/turtlebot3_ws/install/turtlebot3_gazebo/share/turtlebot3_gazebo//worlds/turtlebot3_autoraces/waffle.model
[182.229s] -- Installing: /home/veroalfa/turtlebot3_ws/install/turtlebot3_gazebo/share/turtlebot3_gazebo//worlds/turtlebot3_autoraces/waffle_pi.model
[182.230s] -- Installing: /home/veroalfa/turtlebot3_ws/install/turtlebot3_gazebo/share/turtlebot3_gazebo//worlds/turtlebot3_autoraces/burger.model
[182.230s] -- Installing: /home/veroalfa/turtlebot3_ws/install/turtlebot3_gazebo/share/turtlebot3_gazebo//worlds/turtlebot3_dqn_stage4
[182.230s] -- Installing: /home/veroalfa/turtlebot3_ws/install/turtlebot3_gazebo/share/turtlebot3_gazebo//worlds/turtlebot3_dqn_stage4/waffle.model
[182.230s] -- Installing: /home/veroalfa/turtlebot3_ws/install/turtlebot3_gazebo/share/turtlebot3_gazebo//worlds/turtlebot3_dqn_stage4/waffle_pi.model
[182.231s] -- Installing: /home/veroalfa/turtlebot3_ws/install/turtlebot3_gazebo/share/turtlebot3_gazebo//worlds/turtlebot3_dqn_stage4/burger.model
[182.231s] -- Installing: /home/veroalfa/turtlebot3_ws/install/turtlebot3_gazebo/share/turtlebot3_gazebo//worlds/empty_worlds
[182.231s] -- Installing: /home/veroalfa/turtlebot3_ws/install/turtlebot3_gazebo/share/turtlebot3_gazebo//worlds/empty_worlds/waffle.model
[182.231s] -- Installing: /home/veroalfa/turtlebot3_ws/install/turtlebot3_gazebo/share/turtlebot3_gazebo//worlds/empty_worlds/waffle_pi.model
[182.231s] -- Installing: /home/veroalfa/turtlebot3_ws/install/turtlebot3_gazebo/share/turtlebot3_gazebo//worlds/empty_worlds/burger.model
[182.232s] -- Installing: /home/veroalfa/turtlebot3_ws/install/turtlebot3_gazebo/share/turtlebot3_gazebo//worlds/roball_worlds
[182.232s] -- Installing: /home/veroalfa/turtlebot3_ws/install/turtlebot3_gazebo/share/turtlebot3_gazebo//worlds/roball_worlds/waffle.model
[182.232s] -- Installing: /home/veroalfa/turtlebot3_ws/install/turtlebot3_gazebo/share/turtlebot3_gazebo//worlds/roball_worlds/waffle_pi.model
[182.232s] -- Installing: /home/veroalfa/turtlebot3_ws/install/turtlebot3_gazebo/share/turtlebot3_gazebo//worlds/roball_worlds/burger.model
[182.232s] -- Installing: /home/veroalfa/turtlebot3_ws/install/turtlebot3_gazebo/share/turtlebot3_gazebo//worlds/turtlebot3_worlds
[182.233s] -- Installing: /home/veroalfa/turtlebot3_ws/install/turtlebot3_gazebo/share/turtlebot3_gazebo//worlds/turtlebot3_worlds/waffle.model
[182.234s] -- Installing: /home/veroalfa/turtlebot3_ws/install/turtlebot3_gazebo/share/turtlebot3_gazebo//worlds/turtlebot3_worlds/waffle_pi.model
[182.236s] -- Installing: /home/veroalfa/turtlebot3_ws/install/turtlebot3_gazebo/share/turtlebot3_gazebo//worlds/turtlebot3_worlds/burger.model
[182.237s] -- Installing: /home/veroalfa/turtlebot3_ws/install/turtlebot3_gazebo/share/turtlebot3_gazebo//worlds/turtlebot3_dqn_stage3
[182.238s] -- Installing: /home/veroalfa/turtlebot3_ws/install/turtlebot3_gazebo/share/turtlebot3_gazebo//worlds/turtlebot3_dqn_stage3/waffle.model
[182.238s] -- Installing: /home/veroalfa/turtlebot3_ws/install/turtlebot3_gazebo/share/turtlebot3_gazebo//worlds/turtlebot3_dqn_stage3/waffle_pi.model
[182.239s] -- Installing: /home/veroalfa/turtlebot3_ws/install/turtlebot3_gazebo/share/turtlebot3_gazebo//worlds/turtlebot3_dqn_stage3/burger.model
[182.239s] -- Installing: /home/veroalfa/turtlebot3_ws/install/turtlebot3_gazebo/share/turtlebot3_gazebo//worlds/turtlebot3_houses
[182.239s] -- Installing: /home/veroalfa/turtlebot3_ws/install/turtlebot3_gazebo/share/turtlebot3_gazebo//worlds/turtlebot3_houses/waffle.model
[182.239s] -- Installing: /home/veroalfa/turtlebot3_ws/install/turtlebot3_gazebo/share/turtlebot3_gazebo//worlds/turtlebot3_houses/waffle_pi.model
[182.239s] -- Installing: /home/veroalfa/turtlebot3_ws/install/turtlebot3_gazebo/share/turtlebot3_gazebo//worlds/turtlebot3_houses/burger.model
[182.240s] -- Installing: /home/veroalfa/turtlebot3_ws/install/turtlebot3_gazebo/share/turtlebot3_gazebo//worlds/turtlebot3_dqn_stage1
[182.241s] -- Installing: /home/veroalfa/turtlebot3_ws/install/turtlebot3_gazebo/share/turtlebot3_gazebo//worlds/turtlebot3_dqn_stage1/waffle.model
[182.241s] -- Installing: /home/veroalfa/turtlebot3_ws/install/turtlebot3_gazebo/share/turtlebot3_gazebo//worlds/turtlebot3_dqn_stage1/waffle_pi.model
[182.241s] -- Installing: /home/veroalfa/turtlebot3_ws/install/turtlebot3_gazebo/share/turtlebot3_gazebo//worlds/turtlebot3_dqn_stage1/burger.model
[182.242s] -- Installing: /home/veroalfa/turtlebot3_ws/install/turtlebot3_gazebo/include/
[182.242s] -- Installing: /home/veroalfa/turtlebot3_ws/install/turtlebot3_gazebo/include//turtlebot3_gazebo
[182.243s] -- Installing: /home/veroalfa/turtlebot3_ws/install/turtlebot3_gazebo/include//turtlebot3_gazebo/turtlebot3_drive.hpp
[182.244s] -- Installing: /home/veroalfa/turtlebot3_ws/install/turtlebot3_gazebo/share/ament_index/resource_index/package_run_dependencies/turtlebot3_gazebo
[182.245s] -- Installing: /home/veroalfa/turtlebot3_ws/install/turtlebot3_gazebo/share/ament_index/resource_index/parent_prefix_path/turtlebot3_gazebo
[182.246s] -- Installing: /home/veroalfa/turtlebot3_ws/install/turtlebot3_gazebo/share/turtlebot3_gazebo/environment/ament_prefix_path.sh
[182.246s] -- Installing: /home/veroalfa/turtlebot3_ws/install/turtlebot3_gazebo/share/turtlebot3_gazebo/environment/ament_prefix_path.dsv
[182.246s] -- Installing: /home/veroalfa/turtlebot3_ws/install/turtlebot3_gazebo/share/turtlebot3_gazebo/environment/path.sh
[182.247s] -- Installing: /home/veroalfa/turtlebot3_ws/install/turtlebot3_gazebo/share/turtlebot3_gazebo/environment/path.dsv
[182.251s] -- Installing: /home/veroalfa/turtlebot3_ws/install/turtlebot3_gazebo/share/turtlebot3_gazebo/local_setup.bash
[182.253s] -- Installing: /home/veroalfa/turtlebot3_ws/install/turtlebot3_gazebo/share/turtlebot3_gazebo/local_setup.sh
[182.255s] -- Installing: /home/veroalfa/turtlebot3_ws/install/turtlebot3_gazebo/share/turtlebot3_gazebo/local_setup.zsh
[182.256s] -- Installing: /home/veroalfa/turtlebot3_ws/install/turtlebot3_gazebo/share/turtlebot3_gazebo/local_setup.dsv
[182.256s] -- Installing: /home/veroalfa/turtlebot3_ws/install/turtlebot3_gazebo/share/turtlebot3_gazebo/package.dsv
[182.257s] -- Installing: /home/veroalfa/turtlebot3_ws/install/turtlebot3_gazebo/share/ament_index/resource_index/packages/turtlebot3_gazebo
[182.257s] -- Installing: /home/veroalfa/turtlebot3_ws/install/turtlebot3_gazebo/share/turtlebot3_gazebo/cmake/ament_cmake_export_include_directories-extras.cmake
[182.257s] -- Installing: /home/veroalfa/turtlebot3_ws/install/turtlebot3_gazebo/share/turtlebot3_gazebo/cmake/ament_cmake_export_dependencies-extras.cmake
[182.257s] -- Installing: /home/veroalfa/turtlebot3_ws/install/turtlebot3_gazebo/share/turtlebot3_gazebo/cmake/turtlebot3_gazeboConfig.cmake
[182.258s] -- Installing: /home/veroalfa/turtlebot3_ws/install/turtlebot3_gazebo/share/turtlebot3_gazebo/cmake/turtlebot3_gazeboConfig-version.cmake
[182.264s] -- Installing: /home/veroalfa/turtlebot3_ws/install/turtlebot3_gazebo/share/turtlebot3_gazebo/package.xml
[182.269s] Invoked command in '/home/veroalfa/turtlebot3_ws/build/turtlebot3_gazebo' returned '0': CMAKE_PREFIX_PATH=/home/veroalfa/turtlebot3_ws/install/turtlebot3_description:/home/veroalfa/turtlebot3_ws/install/turtlebot3:/home/veroalfa/turtlebot3_ws/install/turtlebot3_simulations:/home/veroalfa/turtlebot3_ws/install/turtlebot3_bringup:/home/veroalfa/turtlebot3_ws/install/turtlebot3_node:/home/veroalfa/turtlebot3_ws/install/turtlebot3_navigation2:/home/veroalfa/turtlebot3_ws/install/turtlebot3_fake_node:/home/veroalfa/turtlebot3_ws/install/turtlebot3_msgs:/home/veroalfa/turtlebot3_ws/install/turtlebot3_gazebo:/home/veroalfa/turtlebot3_ws/install/turtlebot3_cartographer:/home/veroalfa/turtlebot3_ws/install/dynamixel_sdk_examples:/home/veroalfa/turtlebot3_ws/install/dynamixel_sdk_custom_interfaces:/home/veroalfa/turtlebot3_ws/install/dynamixel_sdk:/home/veroalfa/model_ws/install/xicro_pkg:/home/veroalfa/model_ws/install/xicro_interfaces:/home/veroalfa/model_ws/install/calibration_interfaces:/home/veroalfa/model_ws/install/calibration_gen:/home/veroalfa/model_ws/install/calibration:/home/veroalfa/lab4_ws/install/fra333_lab4_17_1_interfaces:/home/veroalfa/lab4_ws/install/fra333_lab4_17_1:/home/veroalfa/lab3ex_ws/install/xicro_pkg:/home/veroalfa/lab3ex_ws/install/xicro_interfaces:/home/veroalfa/lab3ex_ws/install/fra333_lab3_17_1:/home/veroalfa/lab2ex_ws/install/fra333_lab1:/home/veroalfa/lab1_ws/install/lab1_interfaces:/home/veroalfa/lab1_ws/install/fra333_lab1_17:/home/veroalfa/lab2_ws/install/dummy_kinematics_interfaces:/home/veroalfa/lab2_ws/install/dummy_kinematics:/home/veroalfa/lab2_ws/install/dummy_description:/home/veroalfa/turtlebot3_ws/install/turtlebot3_teleop:/home/veroalfa/turtlebot3_ws/install/turtlebot3_example:/opt/ros/foxy /usr/bin/cmake --install /home/veroalfa/turtlebot3_ws/build/turtlebot3_gazebo
