[0.239s] Invoking command in '/home/veroalfa/turtlebot3_ws/build/turtlebot3_cartographer': CMAKE_PREFIX_PATH=${CMAKE_PREFIX_PATH}:/home/veroalfa/turtlebot3_ws/install/turtlebot3_teleop:/home/veroalfa/turtlebot3_ws/install/turtlebot3_example:/opt/ros/foxy /usr/bin/cmake /home/veroalfa/turtlebot3_ws/src/turtlebot3/turtlebot3_cartographer -DCMAKE_INSTALL_PREFIX=/home/veroalfa/turtlebot3_ws/install/turtlebot3_cartographer
[1.785s] -- The C compiler identification is GNU 9.4.0
[1.785s] -- The CXX compiler identification is GNU 9.4.0
[1.786s] -- Check for working C compiler: /usr/bin/cc
[1.786s] -- Check for working C compiler: /usr/bin/cc -- works
[1.787s] -- Detecting C compiler ABI info
[1.793s] -- Detecting C compiler ABI info - done
[1.999s] -- Detecting C compile features
[2.003s] -- Detecting C compile features - done
[2.017s] -- Check for working CXX compiler: /usr/bin/c++
[2.645s] -- Check for working CXX compiler: /usr/bin/c++ -- works
[2.651s] -- Detecting CXX compiler ABI info
[3.212s] -- Detecting CXX compiler ABI info - done
[3.287s] -- Detecting CXX compile features
[3.291s] -- Detecting CXX compile features - done
[3.304s] -- Found ament_cmake: 0.9.11 (/opt/ros/foxy/share/ament_cmake/cmake)
[3.589s] -- Found PythonInterp: /usr/bin/python3 (found suitable version "3.8.10", minimum required is "3") 
[3.594s] -- Using PYTHON_EXECUTABLE: /usr/bin/python3
[6.205s] -- Configuring done
[6.210s] -- Generating done
[6.218s] -- Build files have been written to: /home/veroalfa/turtlebot3_ws/build/turtlebot3_cartographer
[6.274s] Invoked command in '/home/veroalfa/turtlebot3_ws/build/turtlebot3_cartographer' returned '0': CMAKE_PREFIX_PATH=${CMAKE_PREFIX_PATH}:/home/veroalfa/turtlebot3_ws/install/turtlebot3_teleop:/home/veroalfa/turtlebot3_ws/install/turtlebot3_example:/opt/ros/foxy /usr/bin/cmake /home/veroalfa/turtlebot3_ws/src/turtlebot3/turtlebot3_cartographer -DCMAKE_INSTALL_PREFIX=/home/veroalfa/turtlebot3_ws/install/turtlebot3_cartographer
[6.283s] Invoking command in '/home/veroalfa/turtlebot3_ws/build/turtlebot3_cartographer': CMAKE_PREFIX_PATH=${CMAKE_PREFIX_PATH}:/home/veroalfa/turtlebot3_ws/install/turtlebot3_teleop:/home/veroalfa/turtlebot3_ws/install/turtlebot3_example:/opt/ros/foxy /usr/bin/cmake --build /home/veroalfa/turtlebot3_ws/build/turtlebot3_cartographer -- -j8 -l8
[6.590s] Invoked command in '/home/veroalfa/turtlebot3_ws/build/turtlebot3_cartographer' returned '0': CMAKE_PREFIX_PATH=${CMAKE_PREFIX_PATH}:/home/veroalfa/turtlebot3_ws/install/turtlebot3_teleop:/home/veroalfa/turtlebot3_ws/install/turtlebot3_example:/opt/ros/foxy /usr/bin/cmake --build /home/veroalfa/turtlebot3_ws/build/turtlebot3_cartographer -- -j8 -l8
[6.752s] Invoking command in '/home/veroalfa/turtlebot3_ws/build/turtlebot3_cartographer': CMAKE_PREFIX_PATH=${CMAKE_PREFIX_PATH}:/home/veroalfa/turtlebot3_ws/install/turtlebot3_teleop:/home/veroalfa/turtlebot3_ws/install/turtlebot3_example:/opt/ros/foxy /usr/bin/cmake --install /home/veroalfa/turtlebot3_ws/build/turtlebot3_cartographer
[6.827s] -- Install configuration: ""
[6.828s] -- Installing: /home/veroalfa/turtlebot3_ws/install/turtlebot3_cartographer/share/turtlebot3_cartographer/config
[6.829s] -- Installing: /home/veroalfa/turtlebot3_ws/install/turtlebot3_cartographer/share/turtlebot3_cartographer/config/turtlebot3_lds_2d.lua
[6.831s] -- Installing: /home/veroalfa/turtlebot3_ws/install/turtlebot3_cartographer/share/turtlebot3_cartographer/launch
[6.852s] -- Installing: /home/veroalfa/turtlebot3_ws/install/turtlebot3_cartographer/share/turtlebot3_cartographer/launch/occupancy_grid.launch.py
[6.853s] -- Installing: /home/veroalfa/turtlebot3_ws/install/turtlebot3_cartographer/share/turtlebot3_cartographer/launch/cartographer.launch.py
[6.853s] -- Installing: /home/veroalfa/turtlebot3_ws/install/turtlebot3_cartographer/share/turtlebot3_cartographer/rviz
[6.853s] -- Installing: /home/veroalfa/turtlebot3_ws/install/turtlebot3_cartographer/share/turtlebot3_cartographer/rviz/tb3_cartographer.rviz
[6.854s] -- Installing: /home/veroalfa/turtlebot3_ws/install/turtlebot3_cartographer/share/ament_index/resource_index/package_run_dependencies/turtlebot3_cartographer
[6.854s] -- Installing: /home/veroalfa/turtlebot3_ws/install/turtlebot3_cartographer/share/ament_index/resource_index/parent_prefix_path/turtlebot3_cartographer
[6.854s] -- Installing: /home/veroalfa/turtlebot3_ws/install/turtlebot3_cartographer/share/turtlebot3_cartographer/environment/ament_prefix_path.sh
[6.854s] -- Installing: /home/veroalfa/turtlebot3_ws/install/turtlebot3_cartographer/share/turtlebot3_cartographer/environment/ament_prefix_path.dsv
[6.855s] -- Installing: /home/veroalfa/turtlebot3_ws/install/turtlebot3_cartographer/share/turtlebot3_cartographer/environment/path.sh
[6.855s] -- Installing: /home/veroalfa/turtlebot3_ws/install/turtlebot3_cartographer/share/turtlebot3_cartographer/environment/path.dsv
[6.855s] -- Installing: /home/veroalfa/turtlebot3_ws/install/turtlebot3_cartographer/share/turtlebot3_cartographer/local_setup.bash
[6.855s] -- Installing: /home/veroalfa/turtlebot3_ws/install/turtlebot3_cartographer/share/turtlebot3_cartographer/local_setup.sh
[6.855s] -- Installing: /home/veroalfa/turtlebot3_ws/install/turtlebot3_cartographer/share/turtlebot3_cartographer/local_setup.zsh
[6.856s] -- Installing: /home/veroalfa/turtlebot3_ws/install/turtlebot3_cartographer/share/turtlebot3_cartographer/local_setup.dsv
[6.856s] -- Installing: /home/veroalfa/turtlebot3_ws/install/turtlebot3_cartographer/share/turtlebot3_cartographer/package.dsv
[6.856s] -- Installing: /home/veroalfa/turtlebot3_ws/install/turtlebot3_cartographer/share/ament_index/resource_index/packages/turtlebot3_cartographer
[6.856s] -- Installing: /home/veroalfa/turtlebot3_ws/install/turtlebot3_cartographer/share/turtlebot3_cartographer/cmake/turtlebot3_cartographerConfig.cmake
[6.860s] -- Installing: /home/veroalfa/turtlebot3_ws/install/turtlebot3_cartographer/share/turtlebot3_cartographer/cmake/turtlebot3_cartographerConfig-version.cmake
[6.864s] -- Installing: /home/veroalfa/turtlebot3_ws/install/turtlebot3_cartographer/share/turtlebot3_cartographer/package.xml
[6.945s] Invoked command in '/home/veroalfa/turtlebot3_ws/build/turtlebot3_cartographer' returned '0': CMAKE_PREFIX_PATH=${CMAKE_PREFIX_PATH}:/home/veroalfa/turtlebot3_ws/install/turtlebot3_teleop:/home/veroalfa/turtlebot3_ws/install/turtlebot3_example:/opt/ros/foxy /usr/bin/cmake --install /home/veroalfa/turtlebot3_ws/build/turtlebot3_cartographer
