[5.777s] Invoking command in '/home/veroalfa/turtlebot3_ws/src/turtlebot3/turtlebot3_teleop': PYTHONPATH=/home/veroalfa/turtlebot3_ws/build/turtlebot3_teleop/prefix_override:/home/veroalfa/turtlebot3_ws/install/turtlebot3_teleop/lib/python3.8/site-packages:${PYTHONPATH} /usr/bin/python3 setup.py egg_info --egg-base ../../../build/turtlebot3_teleop build --build-base /home/veroalfa/turtlebot3_ws/build/turtlebot3_teleop/build install --record /home/veroalfa/turtlebot3_ws/build/turtlebot3_teleop/install.log --single-version-externally-managed
[7.476s] running egg_info
[7.476s] creating ../../../build/turtlebot3_teleop/turtlebot3_teleop.egg-info
[7.476s] writing ../../../build/turtlebot3_teleop/turtlebot3_teleop.egg-info/PKG-INFO
[7.480s] writing dependency_links to ../../../build/turtlebot3_teleop/turtlebot3_teleop.egg-info/dependency_links.txt
[7.485s] writing entry points to ../../../build/turtlebot3_teleop/turtlebot3_teleop.egg-info/entry_points.txt
[7.486s] writing requirements to ../../../build/turtlebot3_teleop/turtlebot3_teleop.egg-info/requires.txt
[7.486s] writing top-level names to ../../../build/turtlebot3_teleop/turtlebot3_teleop.egg-info/top_level.txt
[7.486s] writing manifest file '../../../build/turtlebot3_teleop/turtlebot3_teleop.egg-info/SOURCES.txt'
[7.694s] reading manifest file '../../../build/turtlebot3_teleop/turtlebot3_teleop.egg-info/SOURCES.txt'
[7.695s] writing manifest file '../../../build/turtlebot3_teleop/turtlebot3_teleop.egg-info/SOURCES.txt'
[7.696s] running build
[7.696s] running build_py
[7.696s] creating /home/veroalfa/turtlebot3_ws/build/turtlebot3_teleop/build
[7.697s] creating /home/veroalfa/turtlebot3_ws/build/turtlebot3_teleop/build/lib
[7.698s] creating /home/veroalfa/turtlebot3_ws/build/turtlebot3_teleop/build/lib/turtlebot3_teleop
[7.699s] copying turtlebot3_teleop/__init__.py -> /home/veroalfa/turtlebot3_ws/build/turtlebot3_teleop/build/lib/turtlebot3_teleop
[7.700s] creating /home/veroalfa/turtlebot3_ws/build/turtlebot3_teleop/build/lib/turtlebot3_teleop/script
[7.701s] copying turtlebot3_teleop/script/__init__.py -> /home/veroalfa/turtlebot3_ws/build/turtlebot3_teleop/build/lib/turtlebot3_teleop/script
[7.707s] copying turtlebot3_teleop/script/teleop_keyboard.py -> /home/veroalfa/turtlebot3_ws/build/turtlebot3_teleop/build/lib/turtlebot3_teleop/script
[7.709s] running install
[7.710s] running install_lib
[7.712s] creating /home/veroalfa/turtlebot3_ws/install/turtlebot3_teleop/lib/python3.8/site-packages/turtlebot3_teleop
[7.714s] creating /home/veroalfa/turtlebot3_ws/install/turtlebot3_teleop/lib/python3.8/site-packages/turtlebot3_teleop/script
[7.714s] copying /home/veroalfa/turtlebot3_ws/build/turtlebot3_teleop/build/lib/turtlebot3_teleop/script/__init__.py -> /home/veroalfa/turtlebot3_ws/install/turtlebot3_teleop/lib/python3.8/site-packages/turtlebot3_teleop/script
[7.715s] copying /home/veroalfa/turtlebot3_ws/build/turtlebot3_teleop/build/lib/turtlebot3_teleop/script/teleop_keyboard.py -> /home/veroalfa/turtlebot3_ws/install/turtlebot3_teleop/lib/python3.8/site-packages/turtlebot3_teleop/script
[7.715s] copying /home/veroalfa/turtlebot3_ws/build/turtlebot3_teleop/build/lib/turtlebot3_teleop/__init__.py -> /home/veroalfa/turtlebot3_ws/install/turtlebot3_teleop/lib/python3.8/site-packages/turtlebot3_teleop
[7.724s] byte-compiling /home/veroalfa/turtlebot3_ws/install/turtlebot3_teleop/lib/python3.8/site-packages/turtlebot3_teleop/script/__init__.py to __init__.cpython-38.pyc
[7.729s] byte-compiling /home/veroalfa/turtlebot3_ws/install/turtlebot3_teleop/lib/python3.8/site-packages/turtlebot3_teleop/script/teleop_keyboard.py to teleop_keyboard.cpython-38.pyc
[7.741s] byte-compiling /home/veroalfa/turtlebot3_ws/install/turtlebot3_teleop/lib/python3.8/site-packages/turtlebot3_teleop/__init__.py to __init__.cpython-38.pyc
[7.742s] running install_data
[7.746s] creating /home/veroalfa/turtlebot3_ws/install/turtlebot3_teleop/share/ament_index
[7.746s] creating /home/veroalfa/turtlebot3_ws/install/turtlebot3_teleop/share/ament_index/resource_index
[7.749s] creating /home/veroalfa/turtlebot3_ws/install/turtlebot3_teleop/share/ament_index/resource_index/packages
[7.749s] copying resource/turtlebot3_teleop -> /home/veroalfa/turtlebot3_ws/install/turtlebot3_teleop/share/ament_index/resource_index/packages
[7.749s] copying package.xml -> /home/veroalfa/turtlebot3_ws/install/turtlebot3_teleop/share/turtlebot3_teleop
[7.749s] running install_egg_info
[7.766s] Copying ../../../build/turtlebot3_teleop/turtlebot3_teleop.egg-info to /home/veroalfa/turtlebot3_ws/install/turtlebot3_teleop/lib/python3.8/site-packages/turtlebot3_teleop-2.1.4-py3.8.egg-info
[7.770s] running install_scripts
[7.866s] Installing teleop_keyboard script to /home/veroalfa/turtlebot3_ws/install/turtlebot3_teleop/lib/turtlebot3_teleop
[7.867s] writing list of installed files to '/home/veroalfa/turtlebot3_ws/build/turtlebot3_teleop/install.log'
[7.989s] Invoked command in '/home/veroalfa/turtlebot3_ws/src/turtlebot3/turtlebot3_teleop' returned '0': PYTHONPATH=/home/veroalfa/turtlebot3_ws/build/turtlebot3_teleop/prefix_override:/home/veroalfa/turtlebot3_ws/install/turtlebot3_teleop/lib/python3.8/site-packages:${PYTHONPATH} /usr/bin/python3 setup.py egg_info --egg-base ../../../build/turtlebot3_teleop build --build-base /home/veroalfa/turtlebot3_ws/build/turtlebot3_teleop/build install --record /home/veroalfa/turtlebot3_ws/build/turtlebot3_teleop/install.log --single-version-externally-managed
