[0.083s] Invoking command in '/home/veroalfa/turtlebot3_ws/build/turtlebot3_navigation2': CMAKE_PREFIX_PATH=${CMAKE_PREFIX_PATH}:/home/veroalfa/turtlebot3_ws/install/turtlebot3_teleop:/home/veroalfa/turtlebot3_ws/install/turtlebot3_example:/opt/ros/foxy /usr/bin/cmake /home/veroalfa/turtlebot3_ws/src/turtlebot3/turtlebot3_navigation2 -DAMENT_CMAKE_SYMLINK_INSTALL=1 -DCMAKE_INSTALL_PREFIX=/home/veroalfa/turtlebot3_ws/install/turtlebot3_navigation2
[0.827s] -- Found ament_cmake: 0.9.11 (/opt/ros/foxy/share/ament_cmake/cmake)
[0.827s] -- Using PYTHON_EXECUTABLE: /usr/bin/python3
[0.828s] -- Override CMake install command with custom implementation using symlinks instead of copying resources
[0.944s] -- Configuring done
[0.948s] -- Generating done
[0.951s] -- Build files have been written to: /home/veroalfa/turtlebot3_ws/build/turtlebot3_navigation2
[0.954s] Invoked command in '/home/veroalfa/turtlebot3_ws/build/turtlebot3_navigation2' returned '0': CMAKE_PREFIX_PATH=${CMAKE_PREFIX_PATH}:/home/veroalfa/turtlebot3_ws/install/turtlebot3_teleop:/home/veroalfa/turtlebot3_ws/install/turtlebot3_example:/opt/ros/foxy /usr/bin/cmake /home/veroalfa/turtlebot3_ws/src/turtlebot3/turtlebot3_navigation2 -DAMENT_CMAKE_SYMLINK_INSTALL=1 -DCMAKE_INSTALL_PREFIX=/home/veroalfa/turtlebot3_ws/install/turtlebot3_navigation2
[0.961s] Invoking command in '/home/veroalfa/turtlebot3_ws/build/turtlebot3_navigation2': CMAKE_PREFIX_PATH=${CMAKE_PREFIX_PATH}:/home/veroalfa/turtlebot3_ws/install/turtlebot3_teleop:/home/veroalfa/turtlebot3_ws/install/turtlebot3_example:/opt/ros/foxy /usr/bin/cmake --build /home/veroalfa/turtlebot3_ws/build/turtlebot3_navigation2 -- -j8 -l8
[1.065s] Invoked command in '/home/veroalfa/turtlebot3_ws/build/turtlebot3_navigation2' returned '0': CMAKE_PREFIX_PATH=${CMAKE_PREFIX_PATH}:/home/veroalfa/turtlebot3_ws/install/turtlebot3_teleop:/home/veroalfa/turtlebot3_ws/install/turtlebot3_example:/opt/ros/foxy /usr/bin/cmake --build /home/veroalfa/turtlebot3_ws/build/turtlebot3_navigation2 -- -j8 -l8
[1.135s] Invoking command in '/home/veroalfa/turtlebot3_ws/build/turtlebot3_navigation2': CMAKE_PREFIX_PATH=${CMAKE_PREFIX_PATH}:/home/veroalfa/turtlebot3_ws/install/turtlebot3_teleop:/home/veroalfa/turtlebot3_ws/install/turtlebot3_example:/opt/ros/foxy /usr/bin/cmake --install /home/veroalfa/turtlebot3_ws/build/turtlebot3_navigation2
[1.160s] -- Install configuration: ""
[1.161s] -- Execute custom install script
[1.162s] -- Symlinking: /home/veroalfa/turtlebot3_ws/install/turtlebot3_navigation2/share/turtlebot3_navigation2/launch/navigation2.launch.py
[1.185s] -- Symlinking: /home/veroalfa/turtlebot3_ws/install/turtlebot3_navigation2/share/turtlebot3_navigation2/map/turtlebot3_world.pgm
[1.204s] -- Symlinking: /home/veroalfa/turtlebot3_ws/install/turtlebot3_navigation2/share/turtlebot3_navigation2/map/turtlebot3_world.yaml
[1.225s] -- Symlinking: /home/veroalfa/turtlebot3_ws/install/turtlebot3_navigation2/share/turtlebot3_navigation2/param/burger.yaml
[1.248s] -- Symlinking: /home/veroalfa/turtlebot3_ws/install/turtlebot3_navigation2/share/turtlebot3_navigation2/param/waffle.yaml
[1.269s] -- Symlinking: /home/veroalfa/turtlebot3_ws/install/turtlebot3_navigation2/share/turtlebot3_navigation2/param/waffle_pi.yaml
[1.293s] -- Symlinking: /home/veroalfa/turtlebot3_ws/install/turtlebot3_navigation2/share/turtlebot3_navigation2/rviz/tb3_navigation2.rviz
[1.314s] -- Symlinking: /home/veroalfa/turtlebot3_ws/install/turtlebot3_navigation2/lib/turtlebot3_navigation2/navigate_action.py
[1.339s] -- Symlinking: /home/veroalfa/turtlebot3_ws/install/turtlebot3_navigation2/share/ament_index/resource_index/package_run_dependencies/turtlebot3_navigation2
[1.362s] -- Symlinking: /home/veroalfa/turtlebot3_ws/install/turtlebot3_navigation2/share/ament_index/resource_index/parent_prefix_path/turtlebot3_navigation2
[1.383s] -- Symlinking: /home/veroalfa/turtlebot3_ws/install/turtlebot3_navigation2/share/turtlebot3_navigation2/environment/ament_prefix_path.sh
[1.400s] -- Symlinking: /home/veroalfa/turtlebot3_ws/install/turtlebot3_navigation2/share/turtlebot3_navigation2/environment/ament_prefix_path.dsv
[1.424s] -- Symlinking: /home/veroalfa/turtlebot3_ws/install/turtlebot3_navigation2/share/turtlebot3_navigation2/environment/path.sh
[1.444s] -- Symlinking: /home/veroalfa/turtlebot3_ws/install/turtlebot3_navigation2/share/turtlebot3_navigation2/environment/path.dsv
[1.464s] -- Symlinking: /home/veroalfa/turtlebot3_ws/install/turtlebot3_navigation2/share/turtlebot3_navigation2/local_setup.bash
[1.482s] -- Symlinking: /home/veroalfa/turtlebot3_ws/install/turtlebot3_navigation2/share/turtlebot3_navigation2/local_setup.sh
[1.502s] -- Symlinking: /home/veroalfa/turtlebot3_ws/install/turtlebot3_navigation2/share/turtlebot3_navigation2/local_setup.zsh
[1.524s] -- Symlinking: /home/veroalfa/turtlebot3_ws/install/turtlebot3_navigation2/share/turtlebot3_navigation2/local_setup.dsv
[1.553s] -- Symlinking: /home/veroalfa/turtlebot3_ws/install/turtlebot3_navigation2/share/turtlebot3_navigation2/package.dsv
[1.577s] -- Symlinking: /home/veroalfa/turtlebot3_ws/install/turtlebot3_navigation2/share/ament_index/resource_index/packages/turtlebot3_navigation2
[1.599s] -- Symlinking: /home/veroalfa/turtlebot3_ws/install/turtlebot3_navigation2/share/turtlebot3_navigation2/cmake/turtlebot3_navigation2Config.cmake
[1.622s] -- Symlinking: /home/veroalfa/turtlebot3_ws/install/turtlebot3_navigation2/share/turtlebot3_navigation2/cmake/turtlebot3_navigation2Config-version.cmake
[1.640s] -- Symlinking: /home/veroalfa/turtlebot3_ws/install/turtlebot3_navigation2/share/turtlebot3_navigation2/package.xml
[1.676s] Invoked command in '/home/veroalfa/turtlebot3_ws/build/turtlebot3_navigation2' returned '0': CMAKE_PREFIX_PATH=${CMAKE_PREFIX_PATH}:/home/veroalfa/turtlebot3_ws/install/turtlebot3_teleop:/home/veroalfa/turtlebot3_ws/install/turtlebot3_example:/opt/ros/foxy /usr/bin/cmake --install /home/veroalfa/turtlebot3_ws/build/turtlebot3_navigation2
