[0.059s] Invoking command in '/home/veroalfa/turtlebot3_ws/build/turtlebot3_navigation2': CMAKE_PREFIX_PATH=${CMAKE_PREFIX_PATH}:/home/veroalfa/turtlebot3_ws/install/turtlebot3_teleop:/home/veroalfa/turtlebot3_ws/install/turtlebot3_example:/opt/ros/foxy /usr/bin/cmake --build /home/veroalfa/turtlebot3_ws/build/turtlebot3_navigation2 -- -j8 -l8
[0.409s] Invoked command in '/home/veroalfa/turtlebot3_ws/build/turtlebot3_navigation2' returned '0': CMAKE_PREFIX_PATH=${CMAKE_PREFIX_PATH}:/home/veroalfa/turtlebot3_ws/install/turtlebot3_teleop:/home/veroalfa/turtlebot3_ws/install/turtlebot3_example:/opt/ros/foxy /usr/bin/cmake --build /home/veroalfa/turtlebot3_ws/build/turtlebot3_navigation2 -- -j8 -l8
[0.456s] Invoking command in '/home/veroalfa/turtlebot3_ws/build/turtlebot3_navigation2': CMAKE_PREFIX_PATH=${CMAKE_PREFIX_PATH}:/home/veroalfa/turtlebot3_ws/install/turtlebot3_teleop:/home/veroalfa/turtlebot3_ws/install/turtlebot3_example:/opt/ros/foxy /usr/bin/cmake --install /home/veroalfa/turtlebot3_ws/build/turtlebot3_navigation2
[0.475s] -- Install configuration: ""
[0.476s] -- Execute custom install script
[0.476s] -- Up-to-date symlink: /home/veroalfa/turtlebot3_ws/install/turtlebot3_navigation2/share/turtlebot3_navigation2/launch/navigation2.launch.py
[0.476s] -- Up-to-date symlink: /home/veroalfa/turtlebot3_ws/install/turtlebot3_navigation2/share/turtlebot3_navigation2/map/turtlebot3_world.pgm
[0.476s] -- Up-to-date symlink: /home/veroalfa/turtlebot3_ws/install/turtlebot3_navigation2/share/turtlebot3_navigation2/map/turtlebot3_world.yaml
[0.476s] -- Up-to-date symlink: /home/veroalfa/turtlebot3_ws/install/turtlebot3_navigation2/share/turtlebot3_navigation2/param/burger.yaml
[0.476s] -- Up-to-date symlink: /home/veroalfa/turtlebot3_ws/install/turtlebot3_navigation2/share/turtlebot3_navigation2/param/waffle.yaml
[0.476s] -- Up-to-date symlink: /home/veroalfa/turtlebot3_ws/install/turtlebot3_navigation2/share/turtlebot3_navigation2/param/waffle_pi.yaml
[0.477s] -- Up-to-date symlink: /home/veroalfa/turtlebot3_ws/install/turtlebot3_navigation2/share/turtlebot3_navigation2/rviz/tb3_navigation2.rviz
[0.477s] -- Up-to-date symlink: /home/veroalfa/turtlebot3_ws/install/turtlebot3_navigation2/lib/turtlebot3_navigation2/navigate_action.py
[0.477s] -- Up-to-date symlink: /home/veroalfa/turtlebot3_ws/install/turtlebot3_navigation2/lib/turtlebot3_navigation2/initial_estimate.py
[0.477s] -- Up-to-date symlink: /home/veroalfa/turtlebot3_ws/install/turtlebot3_navigation2/share/ament_index/resource_index/package_run_dependencies/turtlebot3_navigation2
[0.477s] -- Up-to-date symlink: /home/veroalfa/turtlebot3_ws/install/turtlebot3_navigation2/share/ament_index/resource_index/parent_prefix_path/turtlebot3_navigation2
[0.477s] -- Up-to-date symlink: /home/veroalfa/turtlebot3_ws/install/turtlebot3_navigation2/share/turtlebot3_navigation2/environment/ament_prefix_path.sh
[0.477s] -- Up-to-date symlink: /home/veroalfa/turtlebot3_ws/install/turtlebot3_navigation2/share/turtlebot3_navigation2/environment/ament_prefix_path.dsv
[0.477s] -- Up-to-date symlink: /home/veroalfa/turtlebot3_ws/install/turtlebot3_navigation2/share/turtlebot3_navigation2/environment/path.sh
[0.477s] -- Up-to-date symlink: /home/veroalfa/turtlebot3_ws/install/turtlebot3_navigation2/share/turtlebot3_navigation2/environment/path.dsv
[0.478s] -- Up-to-date symlink: /home/veroalfa/turtlebot3_ws/install/turtlebot3_navigation2/share/turtlebot3_navigation2/local_setup.bash
[0.478s] -- Up-to-date symlink: /home/veroalfa/turtlebot3_ws/install/turtlebot3_navigation2/share/turtlebot3_navigation2/local_setup.sh
[0.478s] -- Up-to-date symlink: /home/veroalfa/turtlebot3_ws/install/turtlebot3_navigation2/share/turtlebot3_navigation2/local_setup.zsh
[0.478s] -- Up-to-date symlink: /home/veroalfa/turtlebot3_ws/install/turtlebot3_navigation2/share/turtlebot3_navigation2/local_setup.dsv
[0.478s] -- Symlinking: /home/veroalfa/turtlebot3_ws/install/turtlebot3_navigation2/share/turtlebot3_navigation2/package.dsv
[0.500s] -- Up-to-date symlink: /home/veroalfa/turtlebot3_ws/install/turtlebot3_navigation2/share/ament_index/resource_index/packages/turtlebot3_navigation2
[0.501s] -- Up-to-date symlink: /home/veroalfa/turtlebot3_ws/install/turtlebot3_navigation2/share/turtlebot3_navigation2/cmake/turtlebot3_navigation2Config.cmake
[0.502s] -- Up-to-date symlink: /home/veroalfa/turtlebot3_ws/install/turtlebot3_navigation2/share/turtlebot3_navigation2/cmake/turtlebot3_navigation2Config-version.cmake
[0.503s] -- Up-to-date symlink: /home/veroalfa/turtlebot3_ws/install/turtlebot3_navigation2/share/turtlebot3_navigation2/package.xml
[0.567s] Invoked command in '/home/veroalfa/turtlebot3_ws/build/turtlebot3_navigation2' returned '0': CMAKE_PREFIX_PATH=${CMAKE_PREFIX_PATH}:/home/veroalfa/turtlebot3_ws/install/turtlebot3_teleop:/home/veroalfa/turtlebot3_ws/install/turtlebot3_example:/opt/ros/foxy /usr/bin/cmake --install /home/veroalfa/turtlebot3_ws/build/turtlebot3_navigation2
