[0.440s] DEBUG:colcon:Command line arguments: ['/usr/bin/colcon', 'list', '-p', '--base-paths', '/home/veroalfa/turtlebot3_ws']
[0.440s] DEBUG:colcon:Parsed command line arguments: Namespace(allow_overriding=[], base_paths=['/home/veroalfa/turtlebot3_ws'], build_base='build', ignore_user_meta=False, log_base=None, log_level=None, main=<bound method ListVerb.main of <colcon_package_information.verb.list.ListVerb object at 0x7fc5782e95b0>>, metas=['./colcon.meta'], names_only=False, packages_above=None, packages_above_and_dependencies=None, packages_above_depth=None, packages_end=None, packages_ignore=None, packages_ignore_regex=None, packages_select=None, packages_select_build_failed=False, packages_select_by_dep=None, packages_select_regex=None, packages_select_test_failures=False, packages_skip=None, packages_skip_build_finished=False, packages_skip_by_dep=None, packages_skip_regex=None, packages_skip_test_passed=False, packages_skip_up_to=None, packages_start=None, packages_up_to=None, packages_up_to_regex=None, paths=None, paths_only=True, topological_graph=False, topological_graph_density=False, topological_graph_dot=False, topological_graph_dot_cluster=False, topological_graph_dot_include_skipped=False, topological_graph_legend=False, topological_order=False, verb_extension=<colcon_package_information.verb.list.ListVerb object at 0x7fc5782e95b0>, verb_name='list', verb_parser=<colcon_defaults.argument_parser.defaults.DefaultArgumentsDecorator object at 0x7fc57826b190>)
[0.478s] Level 1:colcon.colcon_core.package_discovery:discover_packages(colcon_meta) check parameters
[0.479s] Level 1:colcon.colcon_core.package_discovery:discover_packages(recursive) check parameters
[0.479s] Level 1:colcon.colcon_core.package_discovery:discover_packages(ignore) check parameters
[0.479s] Level 1:colcon.colcon_core.package_discovery:discover_packages(path) check parameters
[0.479s] Level 1:colcon.colcon_core.package_discovery:discover_packages(recursive) discover
[0.479s] INFO:colcon.colcon_core.package_discovery:Crawling recursively for packages in '/home/veroalfa/turtlebot3_ws'
[0.479s] Level 1:colcon.colcon_core.package_identification:_identify(/home/veroalfa/turtlebot3_ws) by extensions ['ignore', 'ignore_ament_install']
[0.479s] Level 1:colcon.colcon_core.package_identification:_identify(/home/veroalfa/turtlebot3_ws) by extension 'ignore'
[0.479s] Level 1:colcon.colcon_core.package_identification:_identify(/home/veroalfa/turtlebot3_ws) by extension 'ignore_ament_install'
[0.479s] Level 1:colcon.colcon_core.package_identification:_identify(/home/veroalfa/turtlebot3_ws) by extensions ['colcon_pkg']
[0.479s] Level 1:colcon.colcon_core.package_identification:_identify(/home/veroalfa/turtlebot3_ws) by extension 'colcon_pkg'
[0.479s] Level 1:colcon.colcon_core.package_identification:_identify(/home/veroalfa/turtlebot3_ws) by extensions ['colcon_meta']
[0.479s] Level 1:colcon.colcon_core.package_identification:_identify(/home/veroalfa/turtlebot3_ws) by extension 'colcon_meta'
[0.479s] Level 1:colcon.colcon_core.package_identification:_identify(/home/veroalfa/turtlebot3_ws) by extensions ['ros']
[0.479s] Level 1:colcon.colcon_core.package_identification:_identify(/home/veroalfa/turtlebot3_ws) by extension 'ros'
[0.493s] Level 1:colcon.colcon_core.package_identification:_identify(/home/veroalfa/turtlebot3_ws) by extensions ['cmake', 'python']
[0.494s] Level 1:colcon.colcon_core.package_identification:_identify(/home/veroalfa/turtlebot3_ws) by extension 'cmake'
[0.494s] Level 1:colcon.colcon_core.package_identification:_identify(/home/veroalfa/turtlebot3_ws) by extension 'python'
[0.494s] Level 1:colcon.colcon_core.package_identification:_identify(/home/veroalfa/turtlebot3_ws) by extensions ['python_setup_py']
[0.494s] Level 1:colcon.colcon_core.package_identification:_identify(/home/veroalfa/turtlebot3_ws) by extension 'python_setup_py'
[0.494s] Level 1:colcon.colcon_core.package_identification:_identify(/home/veroalfa/turtlebot3_ws/build) by extensions ['ignore', 'ignore_ament_install']
[0.494s] Level 1:colcon.colcon_core.package_identification:_identify(/home/veroalfa/turtlebot3_ws/build) by extension 'ignore'
[0.494s] Level 1:colcon.colcon_core.package_identification:_identify(/home/veroalfa/turtlebot3_ws/build) ignored
[0.494s] Level 1:colcon.colcon_core.package_identification:_identify(/home/veroalfa/turtlebot3_ws/install) by extensions ['ignore', 'ignore_ament_install']
[0.495s] Level 1:colcon.colcon_core.package_identification:_identify(/home/veroalfa/turtlebot3_ws/install) by extension 'ignore'
[0.495s] Level 1:colcon.colcon_core.package_identification:_identify(/home/veroalfa/turtlebot3_ws/install) ignored
[0.495s] Level 1:colcon.colcon_core.package_identification:_identify(/home/veroalfa/turtlebot3_ws/log) by extensions ['ignore', 'ignore_ament_install']
[0.495s] Level 1:colcon.colcon_core.package_identification:_identify(/home/veroalfa/turtlebot3_ws/log) by extension 'ignore'
[0.495s] Level 1:colcon.colcon_core.package_identification:_identify(/home/veroalfa/turtlebot3_ws/log) ignored
[0.495s] Level 1:colcon.colcon_core.package_identification:_identify(/home/veroalfa/turtlebot3_ws/src) by extensions ['ignore', 'ignore_ament_install']
[0.495s] Level 1:colcon.colcon_core.package_identification:_identify(/home/veroalfa/turtlebot3_ws/src) by extension 'ignore'
[0.495s] Level 1:colcon.colcon_core.package_identification:_identify(/home/veroalfa/turtlebot3_ws/src) by extension 'ignore_ament_install'
[0.495s] Level 1:colcon.colcon_core.package_identification:_identify(/home/veroalfa/turtlebot3_ws/src) by extensions ['colcon_pkg']
[0.495s] Level 1:colcon.colcon_core.package_identification:_identify(/home/veroalfa/turtlebot3_ws/src) by extension 'colcon_pkg'
[0.496s] Level 1:colcon.colcon_core.package_identification:_identify(/home/veroalfa/turtlebot3_ws/src) by extensions ['colcon_meta']
[0.496s] Level 1:colcon.colcon_core.package_identification:_identify(/home/veroalfa/turtlebot3_ws/src) by extension 'colcon_meta'
[0.496s] Level 1:colcon.colcon_core.package_identification:_identify(/home/veroalfa/turtlebot3_ws/src) by extensions ['ros']
[0.496s] Level 1:colcon.colcon_core.package_identification:_identify(/home/veroalfa/turtlebot3_ws/src) by extension 'ros'
[0.496s] Level 1:colcon.colcon_core.package_identification:_identify(/home/veroalfa/turtlebot3_ws/src) by extensions ['cmake', 'python']
[0.496s] Level 1:colcon.colcon_core.package_identification:_identify(/home/veroalfa/turtlebot3_ws/src) by extension 'cmake'
[0.496s] Level 1:colcon.colcon_core.package_identification:_identify(/home/veroalfa/turtlebot3_ws/src) by extension 'python'
[0.496s] Level 1:colcon.colcon_core.package_identification:_identify(/home/veroalfa/turtlebot3_ws/src) by extensions ['python_setup_py']
[0.496s] Level 1:colcon.colcon_core.package_identification:_identify(/home/veroalfa/turtlebot3_ws/src) by extension 'python_setup_py'
[0.496s] Level 1:colcon.colcon_core.package_identification:_identify(/home/veroalfa/turtlebot3_ws/src/DynamixelSDK) by extensions ['ignore', 'ignore_ament_install']
[0.496s] Level 1:colcon.colcon_core.package_identification:_identify(/home/veroalfa/turtlebot3_ws/src/DynamixelSDK) by extension 'ignore'
[0.496s] Level 1:colcon.colcon_core.package_identification:_identify(/home/veroalfa/turtlebot3_ws/src/DynamixelSDK) by extension 'ignore_ament_install'
[0.497s] Level 1:colcon.colcon_core.package_identification:_identify(/home/veroalfa/turtlebot3_ws/src/DynamixelSDK) by extensions ['colcon_pkg']
[0.497s] Level 1:colcon.colcon_core.package_identification:_identify(/home/veroalfa/turtlebot3_ws/src/DynamixelSDK) by extension 'colcon_pkg'
[0.497s] Level 1:colcon.colcon_core.package_identification:_identify(/home/veroalfa/turtlebot3_ws/src/DynamixelSDK) by extensions ['colcon_meta']
[0.497s] Level 1:colcon.colcon_core.package_identification:_identify(/home/veroalfa/turtlebot3_ws/src/DynamixelSDK) by extension 'colcon_meta'
[0.497s] Level 1:colcon.colcon_core.package_identification:_identify(/home/veroalfa/turtlebot3_ws/src/DynamixelSDK) by extensions ['ros']
[0.497s] Level 1:colcon.colcon_core.package_identification:_identify(/home/veroalfa/turtlebot3_ws/src/DynamixelSDK) by extension 'ros'
[0.497s] Level 1:colcon.colcon_core.package_identification:_identify(/home/veroalfa/turtlebot3_ws/src/DynamixelSDK) by extensions ['cmake', 'python']
[0.497s] Level 1:colcon.colcon_core.package_identification:_identify(/home/veroalfa/turtlebot3_ws/src/DynamixelSDK) by extension 'cmake'
[0.497s] Level 1:colcon.colcon_core.package_identification:_identify(/home/veroalfa/turtlebot3_ws/src/DynamixelSDK) by extension 'python'
[0.497s] Level 1:colcon.colcon_core.package_identification:_identify(/home/veroalfa/turtlebot3_ws/src/DynamixelSDK) by extensions ['python_setup_py']
[0.497s] Level 1:colcon.colcon_core.package_identification:_identify(/home/veroalfa/turtlebot3_ws/src/DynamixelSDK) by extension 'python_setup_py'
[0.497s] Level 1:colcon.colcon_core.package_identification:_identify(/home/veroalfa/turtlebot3_ws/src/DynamixelSDK/dynamixel_sdk) by extensions ['ignore', 'ignore_ament_install']
[0.497s] Level 1:colcon.colcon_core.package_identification:_identify(/home/veroalfa/turtlebot3_ws/src/DynamixelSDK/dynamixel_sdk) by extension 'ignore'
[0.498s] Level 1:colcon.colcon_core.package_identification:_identify(/home/veroalfa/turtlebot3_ws/src/DynamixelSDK/dynamixel_sdk) by extension 'ignore_ament_install'
[0.498s] Level 1:colcon.colcon_core.package_identification:_identify(/home/veroalfa/turtlebot3_ws/src/DynamixelSDK/dynamixel_sdk) by extensions ['colcon_pkg']
[0.498s] Level 1:colcon.colcon_core.package_identification:_identify(/home/veroalfa/turtlebot3_ws/src/DynamixelSDK/dynamixel_sdk) by extension 'colcon_pkg'
[0.498s] Level 1:colcon.colcon_core.package_identification:_identify(/home/veroalfa/turtlebot3_ws/src/DynamixelSDK/dynamixel_sdk) by extensions ['colcon_meta']
[0.498s] Level 1:colcon.colcon_core.package_identification:_identify(/home/veroalfa/turtlebot3_ws/src/DynamixelSDK/dynamixel_sdk) by extension 'colcon_meta'
[0.498s] Level 1:colcon.colcon_core.package_identification:_identify(/home/veroalfa/turtlebot3_ws/src/DynamixelSDK/dynamixel_sdk) by extensions ['ros']
[0.498s] Level 1:colcon.colcon_core.package_identification:_identify(/home/veroalfa/turtlebot3_ws/src/DynamixelSDK/dynamixel_sdk) by extension 'ros'
[0.501s] DEBUG:colcon.colcon_core.package_identification:Package '/home/veroalfa/turtlebot3_ws/src/DynamixelSDK/dynamixel_sdk' with type 'ros.ament_cmake' and name 'dynamixel_sdk'
[0.502s] Level 1:colcon.colcon_core.package_identification:_identify(/home/veroalfa/turtlebot3_ws/src/DynamixelSDK/dynamixel_sdk_custom_interfaces) by extensions ['ignore', 'ignore_ament_install']
[0.502s] Level 1:colcon.colcon_core.package_identification:_identify(/home/veroalfa/turtlebot3_ws/src/DynamixelSDK/dynamixel_sdk_custom_interfaces) by extension 'ignore'
[0.502s] Level 1:colcon.colcon_core.package_identification:_identify(/home/veroalfa/turtlebot3_ws/src/DynamixelSDK/dynamixel_sdk_custom_interfaces) by extension 'ignore_ament_install'
[0.502s] Level 1:colcon.colcon_core.package_identification:_identify(/home/veroalfa/turtlebot3_ws/src/DynamixelSDK/dynamixel_sdk_custom_interfaces) by extensions ['colcon_pkg']
[0.502s] Level 1:colcon.colcon_core.package_identification:_identify(/home/veroalfa/turtlebot3_ws/src/DynamixelSDK/dynamixel_sdk_custom_interfaces) by extension 'colcon_pkg'
[0.502s] Level 1:colcon.colcon_core.package_identification:_identify(/home/veroalfa/turtlebot3_ws/src/DynamixelSDK/dynamixel_sdk_custom_interfaces) by extensions ['colcon_meta']
[0.502s] Level 1:colcon.colcon_core.package_identification:_identify(/home/veroalfa/turtlebot3_ws/src/DynamixelSDK/dynamixel_sdk_custom_interfaces) by extension 'colcon_meta'
[0.502s] Level 1:colcon.colcon_core.package_identification:_identify(/home/veroalfa/turtlebot3_ws/src/DynamixelSDK/dynamixel_sdk_custom_interfaces) by extensions ['ros']
[0.502s] Level 1:colcon.colcon_core.package_identification:_identify(/home/veroalfa/turtlebot3_ws/src/DynamixelSDK/dynamixel_sdk_custom_interfaces) by extension 'ros'
[0.503s] DEBUG:colcon.colcon_core.package_identification:Package '/home/veroalfa/turtlebot3_ws/src/DynamixelSDK/dynamixel_sdk_custom_interfaces' with type 'ros.ament_cmake' and name 'dynamixel_sdk_custom_interfaces'
[0.503s] Level 1:colcon.colcon_core.package_identification:_identify(/home/veroalfa/turtlebot3_ws/src/DynamixelSDK/dynamixel_sdk_examples) by extensions ['ignore', 'ignore_ament_install']
[0.503s] Level 1:colcon.colcon_core.package_identification:_identify(/home/veroalfa/turtlebot3_ws/src/DynamixelSDK/dynamixel_sdk_examples) by extension 'ignore'
[0.503s] Level 1:colcon.colcon_core.package_identification:_identify(/home/veroalfa/turtlebot3_ws/src/DynamixelSDK/dynamixel_sdk_examples) by extension 'ignore_ament_install'
[0.504s] Level 1:colcon.colcon_core.package_identification:_identify(/home/veroalfa/turtlebot3_ws/src/DynamixelSDK/dynamixel_sdk_examples) by extensions ['colcon_pkg']
[0.504s] Level 1:colcon.colcon_core.package_identification:_identify(/home/veroalfa/turtlebot3_ws/src/DynamixelSDK/dynamixel_sdk_examples) by extension 'colcon_pkg'
[0.504s] Level 1:colcon.colcon_core.package_identification:_identify(/home/veroalfa/turtlebot3_ws/src/DynamixelSDK/dynamixel_sdk_examples) by extensions ['colcon_meta']
[0.504s] Level 1:colcon.colcon_core.package_identification:_identify(/home/veroalfa/turtlebot3_ws/src/DynamixelSDK/dynamixel_sdk_examples) by extension 'colcon_meta'
[0.504s] Level 1:colcon.colcon_core.package_identification:_identify(/home/veroalfa/turtlebot3_ws/src/DynamixelSDK/dynamixel_sdk_examples) by extensions ['ros']
[0.504s] Level 1:colcon.colcon_core.package_identification:_identify(/home/veroalfa/turtlebot3_ws/src/DynamixelSDK/dynamixel_sdk_examples) by extension 'ros'
[0.505s] DEBUG:colcon.colcon_core.package_identification:Package '/home/veroalfa/turtlebot3_ws/src/DynamixelSDK/dynamixel_sdk_examples' with type 'ros.ament_cmake' and name 'dynamixel_sdk_examples'
[0.505s] Level 1:colcon.colcon_core.package_identification:_identify(/home/veroalfa/turtlebot3_ws/src/turtlebot3) by extensions ['ignore', 'ignore_ament_install']
[0.505s] Level 1:colcon.colcon_core.package_identification:_identify(/home/veroalfa/turtlebot3_ws/src/turtlebot3) by extension 'ignore'
[0.506s] Level 1:colcon.colcon_core.package_identification:_identify(/home/veroalfa/turtlebot3_ws/src/turtlebot3) by extension 'ignore_ament_install'
[0.506s] Level 1:colcon.colcon_core.package_identification:_identify(/home/veroalfa/turtlebot3_ws/src/turtlebot3) by extensions ['colcon_pkg']
[0.506s] Level 1:colcon.colcon_core.package_identification:_identify(/home/veroalfa/turtlebot3_ws/src/turtlebot3) by extension 'colcon_pkg'
[0.506s] Level 1:colcon.colcon_core.package_identification:_identify(/home/veroalfa/turtlebot3_ws/src/turtlebot3) by extensions ['colcon_meta']
[0.506s] Level 1:colcon.colcon_core.package_identification:_identify(/home/veroalfa/turtlebot3_ws/src/turtlebot3) by extension 'colcon_meta'
[0.506s] Level 1:colcon.colcon_core.package_identification:_identify(/home/veroalfa/turtlebot3_ws/src/turtlebot3) by extensions ['ros']
[0.506s] Level 1:colcon.colcon_core.package_identification:_identify(/home/veroalfa/turtlebot3_ws/src/turtlebot3) by extension 'ros'
[0.506s] Level 1:colcon.colcon_core.package_identification:_identify(/home/veroalfa/turtlebot3_ws/src/turtlebot3) by extensions ['cmake', 'python']
[0.506s] Level 1:colcon.colcon_core.package_identification:_identify(/home/veroalfa/turtlebot3_ws/src/turtlebot3) by extension 'cmake'
[0.506s] Level 1:colcon.colcon_core.package_identification:_identify(/home/veroalfa/turtlebot3_ws/src/turtlebot3) by extension 'python'
[0.506s] Level 1:colcon.colcon_core.package_identification:_identify(/home/veroalfa/turtlebot3_ws/src/turtlebot3) by extensions ['python_setup_py']
[0.506s] Level 1:colcon.colcon_core.package_identification:_identify(/home/veroalfa/turtlebot3_ws/src/turtlebot3) by extension 'python_setup_py'
[0.506s] Level 1:colcon.colcon_core.package_identification:_identify(/home/veroalfa/turtlebot3_ws/src/turtlebot3/turtlebot3) by extensions ['ignore', 'ignore_ament_install']
[0.507s] Level 1:colcon.colcon_core.package_identification:_identify(/home/veroalfa/turtlebot3_ws/src/turtlebot3/turtlebot3) by extension 'ignore'
[0.507s] Level 1:colcon.colcon_core.package_identification:_identify(/home/veroalfa/turtlebot3_ws/src/turtlebot3/turtlebot3) by extension 'ignore_ament_install'
[0.507s] Level 1:colcon.colcon_core.package_identification:_identify(/home/veroalfa/turtlebot3_ws/src/turtlebot3/turtlebot3) by extensions ['colcon_pkg']
[0.507s] Level 1:colcon.colcon_core.package_identification:_identify(/home/veroalfa/turtlebot3_ws/src/turtlebot3/turtlebot3) by extension 'colcon_pkg'
[0.507s] Level 1:colcon.colcon_core.package_identification:_identify(/home/veroalfa/turtlebot3_ws/src/turtlebot3/turtlebot3) by extensions ['colcon_meta']
[0.507s] Level 1:colcon.colcon_core.package_identification:_identify(/home/veroalfa/turtlebot3_ws/src/turtlebot3/turtlebot3) by extension 'colcon_meta'
[0.507s] Level 1:colcon.colcon_core.package_identification:_identify(/home/veroalfa/turtlebot3_ws/src/turtlebot3/turtlebot3) by extensions ['ros']
[0.507s] Level 1:colcon.colcon_core.package_identification:_identify(/home/veroalfa/turtlebot3_ws/src/turtlebot3/turtlebot3) by extension 'ros'
[0.508s] DEBUG:colcon.colcon_core.package_identification:Package '/home/veroalfa/turtlebot3_ws/src/turtlebot3/turtlebot3' with type 'ros.ament_cmake' and name 'turtlebot3'
[0.508s] Level 1:colcon.colcon_core.package_identification:_identify(/home/veroalfa/turtlebot3_ws/src/turtlebot3/turtlebot3_bringup) by extensions ['ignore', 'ignore_ament_install']
[0.508s] Level 1:colcon.colcon_core.package_identification:_identify(/home/veroalfa/turtlebot3_ws/src/turtlebot3/turtlebot3_bringup) by extension 'ignore'
[0.508s] Level 1:colcon.colcon_core.package_identification:_identify(/home/veroalfa/turtlebot3_ws/src/turtlebot3/turtlebot3_bringup) by extension 'ignore_ament_install'
[0.508s] Level 1:colcon.colcon_core.package_identification:_identify(/home/veroalfa/turtlebot3_ws/src/turtlebot3/turtlebot3_bringup) by extensions ['colcon_pkg']
[0.509s] Level 1:colcon.colcon_core.package_identification:_identify(/home/veroalfa/turtlebot3_ws/src/turtlebot3/turtlebot3_bringup) by extension 'colcon_pkg'
[0.509s] Level 1:colcon.colcon_core.package_identification:_identify(/home/veroalfa/turtlebot3_ws/src/turtlebot3/turtlebot3_bringup) by extensions ['colcon_meta']
[0.509s] Level 1:colcon.colcon_core.package_identification:_identify(/home/veroalfa/turtlebot3_ws/src/turtlebot3/turtlebot3_bringup) by extension 'colcon_meta'
[0.509s] Level 1:colcon.colcon_core.package_identification:_identify(/home/veroalfa/turtlebot3_ws/src/turtlebot3/turtlebot3_bringup) by extensions ['ros']
[0.509s] Level 1:colcon.colcon_core.package_identification:_identify(/home/veroalfa/turtlebot3_ws/src/turtlebot3/turtlebot3_bringup) by extension 'ros'
[0.510s] DEBUG:colcon.colcon_core.package_identification:Package '/home/veroalfa/turtlebot3_ws/src/turtlebot3/turtlebot3_bringup' with type 'ros.ament_cmake' and name 'turtlebot3_bringup'
[0.510s] Level 1:colcon.colcon_core.package_identification:_identify(/home/veroalfa/turtlebot3_ws/src/turtlebot3/turtlebot3_cartographer) by extensions ['ignore', 'ignore_ament_install']
[0.510s] Level 1:colcon.colcon_core.package_identification:_identify(/home/veroalfa/turtlebot3_ws/src/turtlebot3/turtlebot3_cartographer) by extension 'ignore'
[0.510s] Level 1:colcon.colcon_core.package_identification:_identify(/home/veroalfa/turtlebot3_ws/src/turtlebot3/turtlebot3_cartographer) by extension 'ignore_ament_install'
[0.510s] Level 1:colcon.colcon_core.package_identification:_identify(/home/veroalfa/turtlebot3_ws/src/turtlebot3/turtlebot3_cartographer) by extensions ['colcon_pkg']
[0.510s] Level 1:colcon.colcon_core.package_identification:_identify(/home/veroalfa/turtlebot3_ws/src/turtlebot3/turtlebot3_cartographer) by extension 'colcon_pkg'
[0.510s] Level 1:colcon.colcon_core.package_identification:_identify(/home/veroalfa/turtlebot3_ws/src/turtlebot3/turtlebot3_cartographer) by extensions ['colcon_meta']
[0.510s] Level 1:colcon.colcon_core.package_identification:_identify(/home/veroalfa/turtlebot3_ws/src/turtlebot3/turtlebot3_cartographer) by extension 'colcon_meta'
[0.510s] Level 1:colcon.colcon_core.package_identification:_identify(/home/veroalfa/turtlebot3_ws/src/turtlebot3/turtlebot3_cartographer) by extensions ['ros']
[0.510s] Level 1:colcon.colcon_core.package_identification:_identify(/home/veroalfa/turtlebot3_ws/src/turtlebot3/turtlebot3_cartographer) by extension 'ros'
[0.511s] DEBUG:colcon.colcon_core.package_identification:Package '/home/veroalfa/turtlebot3_ws/src/turtlebot3/turtlebot3_cartographer' with type 'ros.ament_cmake' and name 'turtlebot3_cartographer'
[0.511s] Level 1:colcon.colcon_core.package_identification:_identify(/home/veroalfa/turtlebot3_ws/src/turtlebot3/turtlebot3_description) by extensions ['ignore', 'ignore_ament_install']
[0.511s] Level 1:colcon.colcon_core.package_identification:_identify(/home/veroalfa/turtlebot3_ws/src/turtlebot3/turtlebot3_description) by extension 'ignore'
[0.512s] Level 1:colcon.colcon_core.package_identification:_identify(/home/veroalfa/turtlebot3_ws/src/turtlebot3/turtlebot3_description) by extension 'ignore_ament_install'
[0.512s] Level 1:colcon.colcon_core.package_identification:_identify(/home/veroalfa/turtlebot3_ws/src/turtlebot3/turtlebot3_description) by extensions ['colcon_pkg']
[0.512s] Level 1:colcon.colcon_core.package_identification:_identify(/home/veroalfa/turtlebot3_ws/src/turtlebot3/turtlebot3_description) by extension 'colcon_pkg'
[0.512s] Level 1:colcon.colcon_core.package_identification:_identify(/home/veroalfa/turtlebot3_ws/src/turtlebot3/turtlebot3_description) by extensions ['colcon_meta']
[0.512s] Level 1:colcon.colcon_core.package_identification:_identify(/home/veroalfa/turtlebot3_ws/src/turtlebot3/turtlebot3_description) by extension 'colcon_meta'
[0.512s] Level 1:colcon.colcon_core.package_identification:_identify(/home/veroalfa/turtlebot3_ws/src/turtlebot3/turtlebot3_description) by extensions ['ros']
[0.512s] Level 1:colcon.colcon_core.package_identification:_identify(/home/veroalfa/turtlebot3_ws/src/turtlebot3/turtlebot3_description) by extension 'ros'
[0.515s] DEBUG:colcon.colcon_core.package_identification:Package '/home/veroalfa/turtlebot3_ws/src/turtlebot3/turtlebot3_description' with type 'ros.ament_cmake' and name 'turtlebot3_description'
[0.515s] Level 1:colcon.colcon_core.package_identification:_identify(/home/veroalfa/turtlebot3_ws/src/turtlebot3/turtlebot3_example) by extensions ['ignore', 'ignore_ament_install']
[0.515s] Level 1:colcon.colcon_core.package_identification:_identify(/home/veroalfa/turtlebot3_ws/src/turtlebot3/turtlebot3_example) by extension 'ignore'
[0.515s] Level 1:colcon.colcon_core.package_identification:_identify(/home/veroalfa/turtlebot3_ws/src/turtlebot3/turtlebot3_example) by extension 'ignore_ament_install'
[0.515s] Level 1:colcon.colcon_core.package_identification:_identify(/home/veroalfa/turtlebot3_ws/src/turtlebot3/turtlebot3_example) by extensions ['colcon_pkg']
[0.515s] Level 1:colcon.colcon_core.package_identification:_identify(/home/veroalfa/turtlebot3_ws/src/turtlebot3/turtlebot3_example) by extension 'colcon_pkg'
[0.515s] Level 1:colcon.colcon_core.package_identification:_identify(/home/veroalfa/turtlebot3_ws/src/turtlebot3/turtlebot3_example) by extensions ['colcon_meta']
[0.515s] Level 1:colcon.colcon_core.package_identification:_identify(/home/veroalfa/turtlebot3_ws/src/turtlebot3/turtlebot3_example) by extension 'colcon_meta'
[0.515s] Level 1:colcon.colcon_core.package_identification:_identify(/home/veroalfa/turtlebot3_ws/src/turtlebot3/turtlebot3_example) by extensions ['ros']
[0.515s] Level 1:colcon.colcon_core.package_identification:_identify(/home/veroalfa/turtlebot3_ws/src/turtlebot3/turtlebot3_example) by extension 'ros'
[0.517s] DEBUG:colcon.colcon_core.package_identification:Package '/home/veroalfa/turtlebot3_ws/src/turtlebot3/turtlebot3_example' with type 'ros.ament_python' and name 'turtlebot3_example'
[0.517s] Level 1:colcon.colcon_core.package_identification:_identify(/home/veroalfa/turtlebot3_ws/src/turtlebot3/turtlebot3_navigation2) by extensions ['ignore', 'ignore_ament_install']
[0.517s] Level 1:colcon.colcon_core.package_identification:_identify(/home/veroalfa/turtlebot3_ws/src/turtlebot3/turtlebot3_navigation2) by extension 'ignore'
[0.517s] Level 1:colcon.colcon_core.package_identification:_identify(/home/veroalfa/turtlebot3_ws/src/turtlebot3/turtlebot3_navigation2) by extension 'ignore_ament_install'
[0.517s] Level 1:colcon.colcon_core.package_identification:_identify(/home/veroalfa/turtlebot3_ws/src/turtlebot3/turtlebot3_navigation2) by extensions ['colcon_pkg']
[0.517s] Level 1:colcon.colcon_core.package_identification:_identify(/home/veroalfa/turtlebot3_ws/src/turtlebot3/turtlebot3_navigation2) by extension 'colcon_pkg'
[0.517s] Level 1:colcon.colcon_core.package_identification:_identify(/home/veroalfa/turtlebot3_ws/src/turtlebot3/turtlebot3_navigation2) by extensions ['colcon_meta']
[0.517s] Level 1:colcon.colcon_core.package_identification:_identify(/home/veroalfa/turtlebot3_ws/src/turtlebot3/turtlebot3_navigation2) by extension 'colcon_meta'
[0.518s] Level 1:colcon.colcon_core.package_identification:_identify(/home/veroalfa/turtlebot3_ws/src/turtlebot3/turtlebot3_navigation2) by extensions ['ros']
[0.518s] Level 1:colcon.colcon_core.package_identification:_identify(/home/veroalfa/turtlebot3_ws/src/turtlebot3/turtlebot3_navigation2) by extension 'ros'
[0.518s] DEBUG:colcon.colcon_core.package_identification:Package '/home/veroalfa/turtlebot3_ws/src/turtlebot3/turtlebot3_navigation2' with type 'ros.ament_cmake' and name 'turtlebot3_navigation2'
[0.519s] Level 1:colcon.colcon_core.package_identification:_identify(/home/veroalfa/turtlebot3_ws/src/turtlebot3/turtlebot3_node) by extensions ['ignore', 'ignore_ament_install']
[0.519s] Level 1:colcon.colcon_core.package_identification:_identify(/home/veroalfa/turtlebot3_ws/src/turtlebot3/turtlebot3_node) by extension 'ignore'
[0.519s] Level 1:colcon.colcon_core.package_identification:_identify(/home/veroalfa/turtlebot3_ws/src/turtlebot3/turtlebot3_node) by extension 'ignore_ament_install'
[0.519s] Level 1:colcon.colcon_core.package_identification:_identify(/home/veroalfa/turtlebot3_ws/src/turtlebot3/turtlebot3_node) by extensions ['colcon_pkg']
[0.519s] Level 1:colcon.colcon_core.package_identification:_identify(/home/veroalfa/turtlebot3_ws/src/turtlebot3/turtlebot3_node) by extension 'colcon_pkg'
[0.519s] Level 1:colcon.colcon_core.package_identification:_identify(/home/veroalfa/turtlebot3_ws/src/turtlebot3/turtlebot3_node) by extensions ['colcon_meta']
[0.519s] Level 1:colcon.colcon_core.package_identification:_identify(/home/veroalfa/turtlebot3_ws/src/turtlebot3/turtlebot3_node) by extension 'colcon_meta'
[0.519s] Level 1:colcon.colcon_core.package_identification:_identify(/home/veroalfa/turtlebot3_ws/src/turtlebot3/turtlebot3_node) by extensions ['ros']
[0.519s] Level 1:colcon.colcon_core.package_identification:_identify(/home/veroalfa/turtlebot3_ws/src/turtlebot3/turtlebot3_node) by extension 'ros'
[0.521s] DEBUG:colcon.colcon_core.package_identification:Package '/home/veroalfa/turtlebot3_ws/src/turtlebot3/turtlebot3_node' with type 'ros.ament_cmake' and name 'turtlebot3_node'
[0.522s] Level 1:colcon.colcon_core.package_identification:_identify(/home/veroalfa/turtlebot3_ws/src/turtlebot3/turtlebot3_teleop) by extensions ['ignore', 'ignore_ament_install']
[0.522s] Level 1:colcon.colcon_core.package_identification:_identify(/home/veroalfa/turtlebot3_ws/src/turtlebot3/turtlebot3_teleop) by extension 'ignore'
[0.522s] Level 1:colcon.colcon_core.package_identification:_identify(/home/veroalfa/turtlebot3_ws/src/turtlebot3/turtlebot3_teleop) by extension 'ignore_ament_install'
[0.522s] Level 1:colcon.colcon_core.package_identification:_identify(/home/veroalfa/turtlebot3_ws/src/turtlebot3/turtlebot3_teleop) by extensions ['colcon_pkg']
[0.522s] Level 1:colcon.colcon_core.package_identification:_identify(/home/veroalfa/turtlebot3_ws/src/turtlebot3/turtlebot3_teleop) by extension 'colcon_pkg'
[0.522s] Level 1:colcon.colcon_core.package_identification:_identify(/home/veroalfa/turtlebot3_ws/src/turtlebot3/turtlebot3_teleop) by extensions ['colcon_meta']
[0.522s] Level 1:colcon.colcon_core.package_identification:_identify(/home/veroalfa/turtlebot3_ws/src/turtlebot3/turtlebot3_teleop) by extension 'colcon_meta'
[0.522s] Level 1:colcon.colcon_core.package_identification:_identify(/home/veroalfa/turtlebot3_ws/src/turtlebot3/turtlebot3_teleop) by extensions ['ros']
[0.522s] Level 1:colcon.colcon_core.package_identification:_identify(/home/veroalfa/turtlebot3_ws/src/turtlebot3/turtlebot3_teleop) by extension 'ros'
[0.536s] DEBUG:colcon.colcon_core.package_identification:Package '/home/veroalfa/turtlebot3_ws/src/turtlebot3/turtlebot3_teleop' with type 'ros.ament_python' and name 'turtlebot3_teleop'
[0.536s] Level 1:colcon.colcon_core.package_identification:_identify(/home/veroalfa/turtlebot3_ws/src/turtlebot3_msgs) by extensions ['ignore', 'ignore_ament_install']
[0.536s] Level 1:colcon.colcon_core.package_identification:_identify(/home/veroalfa/turtlebot3_ws/src/turtlebot3_msgs) by extension 'ignore'
[0.536s] Level 1:colcon.colcon_core.package_identification:_identify(/home/veroalfa/turtlebot3_ws/src/turtlebot3_msgs) by extension 'ignore_ament_install'
[0.536s] Level 1:colcon.colcon_core.package_identification:_identify(/home/veroalfa/turtlebot3_ws/src/turtlebot3_msgs) by extensions ['colcon_pkg']
[0.536s] Level 1:colcon.colcon_core.package_identification:_identify(/home/veroalfa/turtlebot3_ws/src/turtlebot3_msgs) by extension 'colcon_pkg'
[0.536s] Level 1:colcon.colcon_core.package_identification:_identify(/home/veroalfa/turtlebot3_ws/src/turtlebot3_msgs) by extensions ['colcon_meta']
[0.536s] Level 1:colcon.colcon_core.package_identification:_identify(/home/veroalfa/turtlebot3_ws/src/turtlebot3_msgs) by extension 'colcon_meta'
[0.537s] Level 1:colcon.colcon_core.package_identification:_identify(/home/veroalfa/turtlebot3_ws/src/turtlebot3_msgs) by extensions ['ros']
[0.537s] Level 1:colcon.colcon_core.package_identification:_identify(/home/veroalfa/turtlebot3_ws/src/turtlebot3_msgs) by extension 'ros'
[0.538s] DEBUG:colcon.colcon_core.package_identification:Package '/home/veroalfa/turtlebot3_ws/src/turtlebot3_msgs' with type 'ros.ament_cmake' and name 'turtlebot3_msgs'
[0.538s] Level 1:colcon.colcon_core.package_identification:_identify(/home/veroalfa/turtlebot3_ws/src/turtlebot3_simulations) by extensions ['ignore', 'ignore_ament_install']
[0.538s] Level 1:colcon.colcon_core.package_identification:_identify(/home/veroalfa/turtlebot3_ws/src/turtlebot3_simulations) by extension 'ignore'
[0.538s] Level 1:colcon.colcon_core.package_identification:_identify(/home/veroalfa/turtlebot3_ws/src/turtlebot3_simulations) by extension 'ignore_ament_install'
[0.538s] Level 1:colcon.colcon_core.package_identification:_identify(/home/veroalfa/turtlebot3_ws/src/turtlebot3_simulations) by extensions ['colcon_pkg']
[0.538s] Level 1:colcon.colcon_core.package_identification:_identify(/home/veroalfa/turtlebot3_ws/src/turtlebot3_simulations) by extension 'colcon_pkg'
[0.538s] Level 1:colcon.colcon_core.package_identification:_identify(/home/veroalfa/turtlebot3_ws/src/turtlebot3_simulations) by extensions ['colcon_meta']
[0.539s] Level 1:colcon.colcon_core.package_identification:_identify(/home/veroalfa/turtlebot3_ws/src/turtlebot3_simulations) by extension 'colcon_meta'
[0.539s] Level 1:colcon.colcon_core.package_identification:_identify(/home/veroalfa/turtlebot3_ws/src/turtlebot3_simulations) by extensions ['ros']
[0.539s] Level 1:colcon.colcon_core.package_identification:_identify(/home/veroalfa/turtlebot3_ws/src/turtlebot3_simulations) by extension 'ros'
[0.539s] Level 1:colcon.colcon_core.package_identification:_identify(/home/veroalfa/turtlebot3_ws/src/turtlebot3_simulations) by extensions ['cmake', 'python']
[0.539s] Level 1:colcon.colcon_core.package_identification:_identify(/home/veroalfa/turtlebot3_ws/src/turtlebot3_simulations) by extension 'cmake'
[0.539s] Level 1:colcon.colcon_core.package_identification:_identify(/home/veroalfa/turtlebot3_ws/src/turtlebot3_simulations) by extension 'python'
[0.539s] Level 1:colcon.colcon_core.package_identification:_identify(/home/veroalfa/turtlebot3_ws/src/turtlebot3_simulations) by extensions ['python_setup_py']
[0.539s] Level 1:colcon.colcon_core.package_identification:_identify(/home/veroalfa/turtlebot3_ws/src/turtlebot3_simulations) by extension 'python_setup_py'
[0.539s] Level 1:colcon.colcon_core.package_identification:_identify(/home/veroalfa/turtlebot3_ws/src/turtlebot3_simulations/turtlebot3_fake_node) by extensions ['ignore', 'ignore_ament_install']
[0.539s] Level 1:colcon.colcon_core.package_identification:_identify(/home/veroalfa/turtlebot3_ws/src/turtlebot3_simulations/turtlebot3_fake_node) by extension 'ignore'
[0.539s] Level 1:colcon.colcon_core.package_identification:_identify(/home/veroalfa/turtlebot3_ws/src/turtlebot3_simulations/turtlebot3_fake_node) by extension 'ignore_ament_install'
[0.539s] Level 1:colcon.colcon_core.package_identification:_identify(/home/veroalfa/turtlebot3_ws/src/turtlebot3_simulations/turtlebot3_fake_node) by extensions ['colcon_pkg']
[0.539s] Level 1:colcon.colcon_core.package_identification:_identify(/home/veroalfa/turtlebot3_ws/src/turtlebot3_simulations/turtlebot3_fake_node) by extension 'colcon_pkg'
[0.540s] Level 1:colcon.colcon_core.package_identification:_identify(/home/veroalfa/turtlebot3_ws/src/turtlebot3_simulations/turtlebot3_fake_node) by extensions ['colcon_meta']
[0.540s] Level 1:colcon.colcon_core.package_identification:_identify(/home/veroalfa/turtlebot3_ws/src/turtlebot3_simulations/turtlebot3_fake_node) by extension 'colcon_meta'
[0.540s] Level 1:colcon.colcon_core.package_identification:_identify(/home/veroalfa/turtlebot3_ws/src/turtlebot3_simulations/turtlebot3_fake_node) by extensions ['ros']
[0.540s] Level 1:colcon.colcon_core.package_identification:_identify(/home/veroalfa/turtlebot3_ws/src/turtlebot3_simulations/turtlebot3_fake_node) by extension 'ros'
[0.542s] DEBUG:colcon.colcon_core.package_identification:Package '/home/veroalfa/turtlebot3_ws/src/turtlebot3_simulations/turtlebot3_fake_node' with type 'ros.ament_cmake' and name 'turtlebot3_fake_node'
[0.542s] Level 1:colcon.colcon_core.package_identification:_identify(/home/veroalfa/turtlebot3_ws/src/turtlebot3_simulations/turtlebot3_gazebo) by extensions ['ignore', 'ignore_ament_install']
[0.542s] Level 1:colcon.colcon_core.package_identification:_identify(/home/veroalfa/turtlebot3_ws/src/turtlebot3_simulations/turtlebot3_gazebo) by extension 'ignore'
[0.542s] Level 1:colcon.colcon_core.package_identification:_identify(/home/veroalfa/turtlebot3_ws/src/turtlebot3_simulations/turtlebot3_gazebo) by extension 'ignore_ament_install'
[0.542s] Level 1:colcon.colcon_core.package_identification:_identify(/home/veroalfa/turtlebot3_ws/src/turtlebot3_simulations/turtlebot3_gazebo) by extensions ['colcon_pkg']
[0.542s] Level 1:colcon.colcon_core.package_identification:_identify(/home/veroalfa/turtlebot3_ws/src/turtlebot3_simulations/turtlebot3_gazebo) by extension 'colcon_pkg'
[0.542s] Level 1:colcon.colcon_core.package_identification:_identify(/home/veroalfa/turtlebot3_ws/src/turtlebot3_simulations/turtlebot3_gazebo) by extensions ['colcon_meta']
[0.542s] Level 1:colcon.colcon_core.package_identification:_identify(/home/veroalfa/turtlebot3_ws/src/turtlebot3_simulations/turtlebot3_gazebo) by extension 'colcon_meta'
[0.542s] Level 1:colcon.colcon_core.package_identification:_identify(/home/veroalfa/turtlebot3_ws/src/turtlebot3_simulations/turtlebot3_gazebo) by extensions ['ros']
[0.542s] Level 1:colcon.colcon_core.package_identification:_identify(/home/veroalfa/turtlebot3_ws/src/turtlebot3_simulations/turtlebot3_gazebo) by extension 'ros'
[0.544s] DEBUG:colcon.colcon_core.package_identification:Package '/home/veroalfa/turtlebot3_ws/src/turtlebot3_simulations/turtlebot3_gazebo' with type 'ros.ament_cmake' and name 'turtlebot3_gazebo'
[0.544s] Level 1:colcon.colcon_core.package_identification:_identify(/home/veroalfa/turtlebot3_ws/src/turtlebot3_simulations/turtlebot3_simulations) by extensions ['ignore', 'ignore_ament_install']
[0.544s] Level 1:colcon.colcon_core.package_identification:_identify(/home/veroalfa/turtlebot3_ws/src/turtlebot3_simulations/turtlebot3_simulations) by extension 'ignore'
[0.544s] Level 1:colcon.colcon_core.package_identification:_identify(/home/veroalfa/turtlebot3_ws/src/turtlebot3_simulations/turtlebot3_simulations) by extension 'ignore_ament_install'
[0.544s] Level 1:colcon.colcon_core.package_identification:_identify(/home/veroalfa/turtlebot3_ws/src/turtlebot3_simulations/turtlebot3_simulations) by extensions ['colcon_pkg']
[0.544s] Level 1:colcon.colcon_core.package_identification:_identify(/home/veroalfa/turtlebot3_ws/src/turtlebot3_simulations/turtlebot3_simulations) by extension 'colcon_pkg'
[0.544s] Level 1:colcon.colcon_core.package_identification:_identify(/home/veroalfa/turtlebot3_ws/src/turtlebot3_simulations/turtlebot3_simulations) by extensions ['colcon_meta']
[0.544s] Level 1:colcon.colcon_core.package_identification:_identify(/home/veroalfa/turtlebot3_ws/src/turtlebot3_simulations/turtlebot3_simulations) by extension 'colcon_meta'
[0.545s] Level 1:colcon.colcon_core.package_identification:_identify(/home/veroalfa/turtlebot3_ws/src/turtlebot3_simulations/turtlebot3_simulations) by extensions ['ros']
[0.545s] Level 1:colcon.colcon_core.package_identification:_identify(/home/veroalfa/turtlebot3_ws/src/turtlebot3_simulations/turtlebot3_simulations) by extension 'ros'
[0.545s] DEBUG:colcon.colcon_core.package_identification:Package '/home/veroalfa/turtlebot3_ws/src/turtlebot3_simulations/turtlebot3_simulations' with type 'ros.ament_cmake' and name 'turtlebot3_simulations'
[0.546s] Level 1:colcon.colcon_core.package_discovery:discover_packages(recursive) using defaults
