[0.119s] Invoking command in '/home/veroalfa/turtlebot3_ws/build/turtlebot3_description': CMAKE_PREFIX_PATH=${CMAKE_PREFIX_PATH}:/home/veroalfa/turtlebot3_ws/install/turtlebot3_teleop:/home/veroalfa/turtlebot3_ws/install/turtlebot3_example:/opt/ros/foxy /usr/bin/cmake /home/veroalfa/turtlebot3_ws/src/turtlebot3/turtlebot3_description -DAMENT_CMAKE_SYMLINK_INSTALL=1 -DCMAKE_INSTALL_PREFIX=/home/veroalfa/turtlebot3_ws/install/turtlebot3_description
[0.872s] -- Found ament_cmake: 0.9.11 (/opt/ros/foxy/share/ament_cmake/cmake)
[0.873s] -- Using PYTHON_EXECUTABLE: /usr/bin/python3
[0.873s] -- Override CMake install command with custom implementation using symlinks instead of copying resources
[0.873s] -- Found urdf: 2.4.0 (/opt/ros/foxy/share/urdf/cmake)
[0.965s] -- Configuring done
[0.970s] -- Generating done
[0.972s] -- Build files have been written to: /home/veroalfa/turtlebot3_ws/build/turtlebot3_description
[0.978s] Invoked command in '/home/veroalfa/turtlebot3_ws/build/turtlebot3_description' returned '0': CMAKE_PREFIX_PATH=${CMAKE_PREFIX_PATH}:/home/veroalfa/turtlebot3_ws/install/turtlebot3_teleop:/home/veroalfa/turtlebot3_ws/install/turtlebot3_example:/opt/ros/foxy /usr/bin/cmake /home/veroalfa/turtlebot3_ws/src/turtlebot3/turtlebot3_description -DAMENT_CMAKE_SYMLINK_INSTALL=1 -DCMAKE_INSTALL_PREFIX=/home/veroalfa/turtlebot3_ws/install/turtlebot3_description
[0.986s] Invoking command in '/home/veroalfa/turtlebot3_ws/build/turtlebot3_description': CMAKE_PREFIX_PATH=${CMAKE_PREFIX_PATH}:/home/veroalfa/turtlebot3_ws/install/turtlebot3_teleop:/home/veroalfa/turtlebot3_ws/install/turtlebot3_example:/opt/ros/foxy /usr/bin/cmake --build /home/veroalfa/turtlebot3_ws/build/turtlebot3_description -- -j8 -l8
[1.090s] Invoked command in '/home/veroalfa/turtlebot3_ws/build/turtlebot3_description' returned '0': CMAKE_PREFIX_PATH=${CMAKE_PREFIX_PATH}:/home/veroalfa/turtlebot3_ws/install/turtlebot3_teleop:/home/veroalfa/turtlebot3_ws/install/turtlebot3_example:/opt/ros/foxy /usr/bin/cmake --build /home/veroalfa/turtlebot3_ws/build/turtlebot3_description -- -j8 -l8
[1.184s] Invoking command in '/home/veroalfa/turtlebot3_ws/build/turtlebot3_description': CMAKE_PREFIX_PATH=${CMAKE_PREFIX_PATH}:/home/veroalfa/turtlebot3_ws/install/turtlebot3_teleop:/home/veroalfa/turtlebot3_ws/install/turtlebot3_example:/opt/ros/foxy /usr/bin/cmake --install /home/veroalfa/turtlebot3_ws/build/turtlebot3_description
[1.211s] -- Install configuration: ""
[1.211s] -- Execute custom install script
[1.211s] -- Symlinking: /home/veroalfa/turtlebot3_ws/install/turtlebot3_description/share/turtlebot3_description/meshes/bases/burger_base.stl
[1.230s] -- Symlinking: /home/veroalfa/turtlebot3_ws/install/turtlebot3_description/share/turtlebot3_description/meshes/bases/waffle_base.stl
[1.259s] -- Symlinking: /home/veroalfa/turtlebot3_ws/install/turtlebot3_description/share/turtlebot3_description/meshes/bases/waffle_pi_base.stl
[1.279s] -- Symlinking: /home/veroalfa/turtlebot3_ws/install/turtlebot3_description/share/turtlebot3_description/meshes/sensors/astra.dae
[1.305s] -- Symlinking: /home/veroalfa/turtlebot3_ws/install/turtlebot3_description/share/turtlebot3_description/meshes/sensors/astra.jpg
[1.328s] -- Symlinking: /home/veroalfa/turtlebot3_ws/install/turtlebot3_description/share/turtlebot3_description/meshes/sensors/lds.stl
[1.351s] -- Symlinking: /home/veroalfa/turtlebot3_ws/install/turtlebot3_description/share/turtlebot3_description/meshes/sensors/r200.dae
[1.374s] -- Symlinking: /home/veroalfa/turtlebot3_ws/install/turtlebot3_description/share/turtlebot3_description/meshes/sensors/r200.jpg
[1.399s] -- Symlinking: /home/veroalfa/turtlebot3_ws/install/turtlebot3_description/share/turtlebot3_description/meshes/wheels/left_tire.stl
[1.420s] -- Symlinking: /home/veroalfa/turtlebot3_ws/install/turtlebot3_description/share/turtlebot3_description/meshes/wheels/right_tire.stl
[1.444s] -- Symlinking: /home/veroalfa/turtlebot3_ws/install/turtlebot3_description/share/turtlebot3_description/rviz/model.rviz
[1.467s] -- Symlinking: /home/veroalfa/turtlebot3_ws/install/turtlebot3_description/share/turtlebot3_description/urdf/common_properties.urdf
[1.489s] -- Symlinking: /home/veroalfa/turtlebot3_ws/install/turtlebot3_description/share/turtlebot3_description/urdf/turtlebot3_burger.urdf
[1.514s] -- Symlinking: /home/veroalfa/turtlebot3_ws/install/turtlebot3_description/share/turtlebot3_description/urdf/turtlebot3_waffle.urdf
[1.538s] -- Symlinking: /home/veroalfa/turtlebot3_ws/install/turtlebot3_description/share/turtlebot3_description/urdf/turtlebot3_waffle_pi.urdf
[1.560s] -- Symlinking: /home/veroalfa/turtlebot3_ws/install/turtlebot3_description/share/ament_index/resource_index/package_run_dependencies/turtlebot3_description
[1.583s] -- Symlinking: /home/veroalfa/turtlebot3_ws/install/turtlebot3_description/share/ament_index/resource_index/parent_prefix_path/turtlebot3_description
[1.606s] -- Symlinking: /home/veroalfa/turtlebot3_ws/install/turtlebot3_description/share/turtlebot3_description/environment/ament_prefix_path.sh
[1.629s] -- Symlinking: /home/veroalfa/turtlebot3_ws/install/turtlebot3_description/share/turtlebot3_description/environment/ament_prefix_path.dsv
[1.658s] -- Symlinking: /home/veroalfa/turtlebot3_ws/install/turtlebot3_description/share/turtlebot3_description/environment/path.sh
[1.674s] -- Symlinking: /home/veroalfa/turtlebot3_ws/install/turtlebot3_description/share/turtlebot3_description/environment/path.dsv
[1.696s] -- Symlinking: /home/veroalfa/turtlebot3_ws/install/turtlebot3_description/share/turtlebot3_description/local_setup.bash
[1.717s] -- Symlinking: /home/veroalfa/turtlebot3_ws/install/turtlebot3_description/share/turtlebot3_description/local_setup.sh
[1.745s] -- Symlinking: /home/veroalfa/turtlebot3_ws/install/turtlebot3_description/share/turtlebot3_description/local_setup.zsh
[1.765s] -- Symlinking: /home/veroalfa/turtlebot3_ws/install/turtlebot3_description/share/turtlebot3_description/local_setup.dsv
[1.787s] -- Symlinking: /home/veroalfa/turtlebot3_ws/install/turtlebot3_description/share/turtlebot3_description/package.dsv
[1.811s] -- Symlinking: /home/veroalfa/turtlebot3_ws/install/turtlebot3_description/share/ament_index/resource_index/packages/turtlebot3_description
[1.832s] -- Symlinking: /home/veroalfa/turtlebot3_ws/install/turtlebot3_description/share/turtlebot3_description/cmake/turtlebot3_descriptionConfig.cmake
[1.847s] -- Symlinking: /home/veroalfa/turtlebot3_ws/install/turtlebot3_description/share/turtlebot3_description/cmake/turtlebot3_descriptionConfig-version.cmake
[1.868s] -- Symlinking: /home/veroalfa/turtlebot3_ws/install/turtlebot3_description/share/turtlebot3_description/package.xml
[1.897s] Invoked command in '/home/veroalfa/turtlebot3_ws/build/turtlebot3_description' returned '0': CMAKE_PREFIX_PATH=${CMAKE_PREFIX_PATH}:/home/veroalfa/turtlebot3_ws/install/turtlebot3_teleop:/home/veroalfa/turtlebot3_ws/install/turtlebot3_example:/opt/ros/foxy /usr/bin/cmake --install /home/veroalfa/turtlebot3_ws/build/turtlebot3_description
